#! /usr/bin/vvp
:ivl_version "11.0 (stable)";
:ivl_delay_selection "TYPICAL";
:vpi_time_precision + 0;
:vpi_module "/usr/lib/x86_64-linux-gnu/ivl/system.vpi";
:vpi_module "/usr/lib/x86_64-linux-gnu/ivl/vhdl_sys.vpi";
:vpi_module "/usr/lib/x86_64-linux-gnu/ivl/vhdl_textio.vpi";
:vpi_module "/usr/lib/x86_64-linux-gnu/ivl/v2005_math.vpi";
:vpi_module "/usr/lib/x86_64-linux-gnu/ivl/va_math.vpi";
S_0x5b285e4cf860 .scope module, "rcvr_test" "rcvr_test" 2 1;
 .timescale 0 0;
P_0x5b285e4d5330 .param/l "head" 1 2 4, C4<10100101>;
P_0x5b285e4d5370 .param/str "message_send" 1 2 3, "I Love Verilog";
v0x5b285e508170_0 .var "clock", 0 0;
v0x5b285e508230_0 .var "data_in", 0 0;
v0x5b285e508300_0 .net "data_out", 7 0, v0x5b285e507ac0_0;  1 drivers
v0x5b285e508400_0 .net "overrun", 0 0, v0x5b285e507cd0_0;  1 drivers
v0x5b285e5084d0_0 .var "reading", 0 0;
v0x5b285e508570_0 .net "ready", 0 0, v0x5b285e507f10_0;  1 drivers
v0x5b285e508640_0 .var "reset", 0 0;
E_0x5b285e4dbfa0 .event posedge, v0x5b285e507cd0_0;
S_0x5b285e4e1b80 .scope begin, "RCV" "RCV" 2 45, 2 45 0, S_0x5b285e4cf860;
 .timescale 0 0;
v0x5b285e4d00d0_0 .var/i "i", 31 0;
v0x5b285e4d0560_0 .var "message_rcvd", 1 112;
v0x5b285e4d1360_0 .var/i "seed", 31 0;
E_0x5b285e4a3760 .event negedge, v0x5b285e507850_0;
E_0x5b285e4dc730 .event posedge, v0x5b285e507f10_0;
S_0x5b285e507020 .scope begin, "XMT" "XMT" 2 28, 2 28 0, S_0x5b285e4cf860;
 .timescale 0 0;
v0x5b285e4d19a0_0 .var "body", 1 8;
v0x5b285e4d28b0_0 .var/i "i", 31 0;
v0x5b285e4d4650_0 .var/i "j", 31 0;
v0x5b285e4d4960_0 .var/i "seed", 31 0;
S_0x5b285e507300 .scope module, "rcvr_i" "rcvr" 2 14, 3 1 0, S_0x5b285e4cf860;
 .timescale 0 0;
    .port_info 0 /INPUT 1 "clock";
    .port_info 1 /INPUT 1 "reset";
    .port_info 2 /INPUT 1 "data_in";
    .port_info 3 /INPUT 1 "reading";
    .port_info 4 /OUTPUT 1 "ready";
    .port_info 5 /OUTPUT 1 "overrun";
    .port_info 6 /OUTPUT 8 "data_out";
P_0x5b285e4a4620 .param/l "MATCH" 0 3 3, C4<10100101>;
P_0x5b285e4a4660 .param/l "SHIFT_BODY" 1 3 16, +C4<00000000000000000000000000000001>;
P_0x5b285e4a46a0 .param/l "SHIFT_HEAD" 1 3 15, +C4<00000000000000000000000000000000>;
v0x5b285e507750_0 .var "body_reg", 6 0;
v0x5b285e507850_0 .net "clock", 0 0, v0x5b285e508170_0;  1 drivers
v0x5b285e507910_0 .var "count", 2 0;
v0x5b285e507a00_0 .net "data_in", 0 0, v0x5b285e508230_0;  1 drivers
v0x5b285e507ac0_0 .var "data_out", 7 0;
v0x5b285e507bf0_0 .var "head_reg", 6 0;
v0x5b285e507cd0_0 .var "overrun", 0 0;
v0x5b285e507d90_0 .var "phase", 0 0;
v0x5b285e507e50_0 .net "reading", 0 0, v0x5b285e5084d0_0;  1 drivers
v0x5b285e507f10_0 .var "ready", 0 0;
v0x5b285e507fd0_0 .net "reset", 0 0, v0x5b285e508640_0;  1 drivers
E_0x5b285e4d5e60 .event posedge, v0x5b285e507850_0;
    .scope S_0x5b285e507300;
T_0 ;
    %wait E_0x5b285e4d5e60;
    %load/vec4 v0x5b285e507fd0_0;
    %flag_set/vec4 8;
    %jmp/0xz  T_0.0, 8;
    %pushi/vec4 0, 0, 1;
    %assign/vec4 v0x5b285e507f10_0, 0;
    %pushi/vec4 0, 0, 1;
    %assign/vec4 v0x5b285e507cd0_0, 0;
    %pushi/vec4 0, 0, 8;
    %assign/vec4 v0x5b285e507ac0_0, 0;
    %pushi/vec4 0, 0, 3;
    %assign/vec4 v0x5b285e507910_0, 0;
    %pushi/vec4 0, 0, 7;
    %assign/vec4 v0x5b285e507750_0, 0;
    %pushi/vec4 0, 0, 7;
    %assign/vec4 v0x5b285e507bf0_0, 0;
    %pushi/vec4 0, 0, 1;
    %assign/vec4 v0x5b285e507d90_0, 0;
    %jmp T_0.1;
T_0.0 ;
    %load/vec4 v0x5b285e507d90_0;
    %pad/u 32;
    %cmpi/e 1, 0, 32;
    %jmp/0xz  T_0.2, 4;
    %pushi/vec4 0, 0, 7;
    %assign/vec4 v0x5b285e507bf0_0, 0;
    %jmp T_0.3;
T_0.2 ;
    %load/vec4 v0x5b285e507bf0_0;
    %parti/s 6, 0, 2;
    %load/vec4 v0x5b285e507a00_0;
    %concat/vec4; draw_concat_vec4
    %assign/vec4 v0x5b285e507bf0_0, 0;
T_0.3 ;
    %load/vec4 v0x5b285e507bf0_0;
    %load/vec4 v0x5b285e507a00_0;
    %concat/vec4; draw_concat_vec4
    %cmpi/e 165, 0, 8;
    %jmp/0xz  T_0.4, 4;
    %pushi/vec4 1, 0, 1;
    %assign/vec4 v0x5b285e507d90_0, 0;
    %jmp T_0.5;
T_0.4 ;
    %load/vec4 v0x5b285e507910_0;
    %pad/u 32;
    %cmpi/e 7, 0, 32;
    %jmp/0xz  T_0.6, 4;
    %pushi/vec4 0, 0, 1;
    %assign/vec4 v0x5b285e507d90_0, 0;
T_0.6 ;
T_0.5 ;
    %load/vec4 v0x5b285e507d90_0;
    %pad/u 32;
    %cmpi/e 1, 0, 32;
    %jmp/0xz  T_0.8, 4;
    %load/vec4 v0x5b285e507910_0;
    %addi 1, 0, 3;
    %assign/vec4 v0x5b285e507910_0, 0;
T_0.8 ;
    %load/vec4 v0x5b285e507d90_0;
    %pad/u 32;
    %cmpi/e 1, 0, 32;
    %jmp/0xz  T_0.10, 4;
    %load/vec4 v0x5b285e507750_0;
    %parti/s 6, 0, 2;
    %load/vec4 v0x5b285e507a00_0;
    %concat/vec4; draw_concat_vec4
    %assign/vec4 v0x5b285e507750_0, 0;
T_0.10 ;
    %load/vec4 v0x5b285e507910_0;
    %pad/u 32;
    %cmpi/e 7, 0, 32;
    %jmp/0xz  T_0.12, 4;
    %load/vec4 v0x5b285e507750_0;
    %load/vec4 v0x5b285e507a00_0;
    %concat/vec4; draw_concat_vec4
    %assign/vec4 v0x5b285e507ac0_0, 0;
T_0.12 ;
    %load/vec4 v0x5b285e507910_0;
    %pad/u 32;
    %cmpi/e 7, 0, 32;
    %jmp/0xz  T_0.14, 4;
    %pushi/vec4 1, 0, 1;
    %assign/vec4 v0x5b285e507f10_0, 0;
    %jmp T_0.15;
T_0.14 ;
    %load/vec4 v0x5b285e507e50_0;
    %flag_set/vec4 8;
    %jmp/0xz  T_0.16, 8;
    %pushi/vec4 0, 0, 1;
    %assign/vec4 v0x5b285e507f10_0, 0;
T_0.16 ;
T_0.15 ;
    %load/vec4 v0x5b285e507e50_0;
    %flag_set/vec4 8;
    %jmp/0xz  T_0.18, 8;
    %pushi/vec4 0, 0, 1;
    %assign/vec4 v0x5b285e507cd0_0, 0;
    %jmp T_0.19;
T_0.18 ;
    %load/vec4 v0x5b285e507910_0;
    %pad/u 32;
    %pushi/vec4 7, 0, 32;
    %cmp/e;
    %flag_get/vec4 4;
    %load/vec4 v0x5b285e507f10_0;
    %and;
    %flag_set/vec4 8;
    %jmp/0xz  T_0.20, 8;
    %pushi/vec4 1, 0, 1;
    %assign/vec4 v0x5b285e507cd0_0, 0;
T_0.20 ;
T_0.19 ;
T_0.1 ;
    %jmp T_0;
    .thread T_0;
    .scope S_0x5b285e4cf860;
T_1 ;
T_1.0 ;
    %wait E_0x5b285e4dbfa0;
    %vpi_call 2 17 "$display", "At time %0d: Data out buffer is overrun", $time {0 0 0};
    %jmp T_1.0;
    %end;
    .thread T_1;
    .scope S_0x5b285e4cf860;
T_2 ;
    %pushi/vec4 300, 0, 32;
T_2.0 %dup/vec4;
    %pushi/vec4 0, 0, 32;
    %cmp/s;
    %jmp/1xz T_2.1, 5;
    %jmp/1 T_2.1, 4;
    %pushi/vec4 1, 0, 32;
    %sub;
    %pushi/vec4 1, 0, 1;
    %store/vec4 v0x5b285e508170_0, 0, 1;
    %delay 1, 0;
    %pushi/vec4 0, 0, 1;
    %store/vec4 v0x5b285e508170_0, 0, 1;
    %delay 1, 0;
    %jmp T_2.0;
T_2.1 ;
    %pop/vec4 1;
    %vpi_call 2 24 "$display", "TEST TIMEOUT" {0 0 0};
    %vpi_call 2 25 "$finish" {0 0 0};
    %end;
    .thread T_2;
    .scope S_0x5b285e4cf860;
T_3 ;
    %fork t_1, S_0x5b285e507020;
    %jmp t_0;
    .scope S_0x5b285e507020;
t_1 ;
    %pushi/vec4 42, 0, 32;
    %store/vec4 v0x5b285e4d4960_0, 0, 32;
    %wait E_0x5b285e4a3760;
    %pushi/vec4 1, 0, 1;
    %store/vec4 v0x5b285e508640_0, 0, 1;
    %pushi/vec4 0, 0, 1;
    %store/vec4 v0x5b285e508230_0, 0, 1;
    %pushi/vec4 0, 0, 1;
    %store/vec4 v0x5b285e5084d0_0, 0, 1;
    %wait E_0x5b285e4a3760;
    %pushi/vec4 0, 0, 1;
    %store/vec4 v0x5b285e508640_0, 0, 1;
    %vpi_call 2 34 "$display", "Message sending:  %s", P_0x5b285e4d5370 {0 0 0};
    %pushi/vec4 1, 0, 32;
    %store/vec4 v0x5b285e4d28b0_0, 0, 32;
T_3.0 ;
    %load/vec4 v0x5b285e4d28b0_0;
    %cmpi/s 14, 0, 32;
    %flag_or 5, 4;
    %jmp/0xz T_3.1, 5;
    %vpi_func 2 37 "$dist_uniform" 32, v0x5b285e4d4960_0, 32'sb00000000000000000000000000000000, 32'sb00000000000000000000000000001000 {0 0 0};
T_3.2 %dup/vec4;
    %pushi/vec4 0, 0, 32;
    %cmp/s;
    %jmp/1xz T_3.3, 5;
    %jmp/1 T_3.3, 4;
    %pushi/vec4 1, 0, 32;
    %sub;
    %wait E_0x5b285e4a3760;
    %jmp T_3.2;
T_3.3 ;
    %pop/vec4 1;
    %pushi/vec4 1, 0, 32;
    %store/vec4 v0x5b285e4d4650_0, 0, 32;
T_3.4 ;
    %load/vec4 v0x5b285e4d4650_0;
    %cmpi/s 8, 0, 32;
    %flag_or 5, 4;
    %jmp/0xz T_3.5, 5;
    %wait E_0x5b285e4a3760;
    %pushi/vec4 165, 0, 8;
    %pushi/vec4 8, 0, 34;
    %load/vec4 v0x5b285e4d4650_0;
    %pad/s 34;
    %sub;
    %part/s 1;
    %store/vec4 v0x5b285e508230_0, 0, 1;
    %load/vec4 v0x5b285e4d4650_0;
    %addi 1, 0, 32;
    %store/vec4 v0x5b285e4d4650_0, 0, 32;
    %jmp T_3.4;
T_3.5 ;
    %pushi/vec4 1226853487, 0, 32; draw_string_vec4
    %pushi/vec4 1986338902, 0, 32; draw_string_vec4
    %concat/vec4; draw_string_vec4
    %pushi/vec4 1701996908, 0, 32; draw_string_vec4
    %concat/vec4; draw_string_vec4
    %pushi/vec4 28519, 0, 16; draw_string_vec4
    %concat/vec4; draw_string_vec4
    %pushi/vec4 112, 0, 34;
    %load/vec4 v0x5b285e4d28b0_0;
    %muli 8, 0, 32;
    %pad/s 34;
    %sub;
    %part/s 8;
    %store/vec4 v0x5b285e4d19a0_0, 0, 8;
    %pushi/vec4 1, 0, 32;
    %store/vec4 v0x5b285e4d4650_0, 0, 32;
T_3.6 ;
    %load/vec4 v0x5b285e4d4650_0;
    %cmpi/s 8, 0, 32;
    %flag_or 5, 4;
    %jmp/0xz T_3.7, 5;
    %wait E_0x5b285e4a3760;
    %load/vec4 v0x5b285e4d19a0_0;
    %pushi/vec4 8, 0, 34;
    %load/vec4 v0x5b285e4d4650_0;
    %pad/s 34;
    %sub;
    %part/s 1;
    %store/vec4 v0x5b285e508230_0, 0, 1;
    %load/vec4 v0x5b285e4d4650_0;
    %addi 1, 0, 32;
    %store/vec4 v0x5b285e4d4650_0, 0, 32;
    %jmp T_3.6;
T_3.7 ;
    %vpi_call 2 41 "$display", "At time %0d: Put character \042%s\042", $time, v0x5b285e4d19a0_0 {0 0 0};
    %load/vec4 v0x5b285e4d28b0_0;
    %addi 1, 0, 32;
    %store/vec4 v0x5b285e4d28b0_0, 0, 32;
    %jmp T_3.0;
T_3.1 ;
    %end;
    .scope S_0x5b285e4cf860;
t_0 %join;
    %end;
    .thread T_3;
    .scope S_0x5b285e4cf860;
T_4 ;
    %fork t_3, S_0x5b285e4e1b80;
    %jmp t_2;
    .scope S_0x5b285e4e1b80;
t_3 ;
    %pushi/vec4 86, 0, 32;
    %store/vec4 v0x5b285e4d1360_0, 0, 32;
    %pushi/vec4 1, 0, 32;
    %store/vec4 v0x5b285e4d00d0_0, 0, 32;
T_4.0 ;
    %load/vec4 v0x5b285e4d00d0_0;
    %cmpi/s 14, 0, 32;
    %flag_or 5, 4;
    %jmp/0xz T_4.1, 5;
    %wait E_0x5b285e4dc730;
    %vpi_func 2 52 "$dist_uniform" 32, v0x5b285e4d1360_0, 32'sb00000000000000000000000000000000, 32'sb00000000000000000000000000001110 {0 0 0};
T_4.2 %dup/vec4;
    %pushi/vec4 0, 0, 32;
    %cmp/s;
    %jmp/1xz T_4.3, 5;
    %jmp/1 T_4.3, 4;
    %pushi/vec4 1, 0, 32;
    %sub;
    %wait E_0x5b285e4a3760;
    %jmp T_4.2;
T_4.3 ;
    %pop/vec4 1;
    %wait E_0x5b285e4a3760;
    %pushi/vec4 1, 0, 1;
    %store/vec4 v0x5b285e5084d0_0, 0, 1;
    %wait E_0x5b285e4a3760;
    %pushi/vec4 0, 0, 1;
    %store/vec4 v0x5b285e5084d0_0, 0, 1;
    %vpi_call 2 55 "$display", "At time %0d: Got character \042%s\042", $time, v0x5b285e508300_0 {0 0 0};
    %load/vec4 v0x5b285e508300_0;
    %pushi/vec4 112, 0, 34;
    %load/vec4 v0x5b285e4d00d0_0;
    %muli 8, 0, 32;
    %pad/s 34;
    %sub;
    %ix/vec4/s 4;
    %store/vec4 v0x5b285e4d0560_0, 4, 8;
    %load/vec4 v0x5b285e4d00d0_0;
    %addi 1, 0, 32;
    %store/vec4 v0x5b285e4d00d0_0, 0, 32;
    %jmp T_4.0;
T_4.1 ;
    %vpi_call 2 58 "$display", "Message received: %s", v0x5b285e4d0560_0 {0 0 0};
    %vpi_call 2 59 "$display", "TEST DONE" {0 0 0};
    %vpi_call 2 60 "$finish" {0 0 0};
    %end;
    .scope S_0x5b285e4cf860;
t_2 %join;
    %end;
    .thread T_4;
# The file index is used to find the file name in the following table.
:file_names 4;
    "N/A";
    "<interactive>";
    "rcvr_test.v";
    "rcvr.v";
