#! /usr/bin/vvp
:ivl_version "11.0 (stable)";
:ivl_delay_selection "TYPICAL";
:vpi_time_precision + 0;
:vpi_module "/usr/lib/x86_64-linux-gnu/ivl/system.vpi";
:vpi_module "/usr/lib/x86_64-linux-gnu/ivl/vhdl_sys.vpi";
:vpi_module "/usr/lib/x86_64-linux-gnu/ivl/vhdl_textio.vpi";
:vpi_module "/usr/lib/x86_64-linux-gnu/ivl/v2005_math.vpi";
:vpi_module "/usr/lib/x86_64-linux-gnu/ivl/va_math.vpi";
S_0x559525f08ac0 .scope module, "multiplexor_test" "multiplexor_test" 2 1;
 .timescale 0 0;
P_0x559525f08c50 .param/l "WIDTH" 1 2 3, +C4<00000000000000000000000000000101>;
v0x559525f216c0_0 .var "in0", 4 0;
v0x559525f217a0_0 .var "in1", 4 0;
v0x559525f21870_0 .net "mux_out", 4 0, v0x559525f21460_0;  1 drivers
v0x559525f21970_0 .var "sel", 0 0;
S_0x559525f08cf0 .scope task, "expect" "expect" 2 22, 2 22 0, S_0x559525f08ac0;
 .timescale 0 0;
v0x559525ececf0_0 .var "exp_out", 4 0;
TD_multiplexor_test.expect ;
    %load/vec4 v0x559525f21870_0;
    %load/vec4 v0x559525ececf0_0;
    %cmp/ne;
    %jmp/0xz  T_0.0, 6;
    %vpi_call 2 25 "$display", "TEST FAILED" {0 0 0};
    %vpi_call 2 26 "$display", "At time %0d sel=%b in0=%b in1=%b mux_out=%b", $time, v0x559525f21970_0, v0x559525f216c0_0, v0x559525f217a0_0, v0x559525f21870_0 {0 0 0};
    %vpi_call 2 28 "$display", "mux_out should be %b", v0x559525ececf0_0 {0 0 0};
    %vpi_call 2 29 "$finish" {0 0 0};
    %jmp T_0.1;
T_0.0 ;
    %vpi_call 2 32 "$display", "At time %0d sel=%b in0=%b in1=%b, mux_out=%b", $time, v0x559525f21970_0, v0x559525f216c0_0, v0x559525f217a0_0, v0x559525f21870_0 {0 0 0};
T_0.1 ;
    %end;
S_0x559525f20fc0 .scope module, "multiplexor_inst" "multiplexor" 2 14, 3 1 0, S_0x559525f08ac0;
 .timescale 0 0;
    .port_info 0 /INPUT 5 "in0";
    .port_info 1 /INPUT 5 "in1";
    .port_info 2 /INPUT 1 "sel";
    .port_info 3 /OUTPUT 5 "mux_out";
v0x559525f21280_0 .net "in0", 4 0, v0x559525f216c0_0;  1 drivers
v0x559525f21380_0 .net "in1", 4 0, v0x559525f217a0_0;  1 drivers
v0x559525f21460_0 .var "mux_out", 4 0;
v0x559525f21550_0 .net "sel", 0 0, v0x559525f21970_0;  1 drivers
E_0x559525f07bb0 .event edge, v0x559525f21550_0, v0x559525f21280_0, v0x559525f21380_0;
    .scope S_0x559525f20fc0;
T_1 ;
    %wait E_0x559525f07bb0;
    %load/vec4 v0x559525f21550_0;
    %cmpi/e 0, 0, 1;
    %jmp/0xz  T_1.0, 4;
    %load/vec4 v0x559525f21280_0;
    %assign/vec4 v0x559525f21460_0, 0;
    %jmp T_1.1;
T_1.0 ;
    %load/vec4 v0x559525f21380_0;
    %assign/vec4 v0x559525f21460_0, 0;
T_1.1 ;
    %jmp T_1;
    .thread T_1, $push;
    .scope S_0x559525f08ac0;
T_2 ;
    %pushi/vec4 0, 0, 1;
    %store/vec4 v0x559525f21970_0, 0, 1;
    %pushi/vec4 21, 0, 5;
    %store/vec4 v0x559525f216c0_0, 0, 5;
    %pushi/vec4 0, 0, 5;
    %store/vec4 v0x559525f217a0_0, 0, 5;
    %delay 1, 0;
    %pushi/vec4 21, 0, 5;
    %store/vec4 v0x559525ececf0_0, 0, 5;
    %fork TD_multiplexor_test.expect, S_0x559525f08cf0;
    %join;
    %pushi/vec4 0, 0, 1;
    %store/vec4 v0x559525f21970_0, 0, 1;
    %pushi/vec4 10, 0, 5;
    %store/vec4 v0x559525f216c0_0, 0, 5;
    %pushi/vec4 0, 0, 5;
    %store/vec4 v0x559525f217a0_0, 0, 5;
    %delay 1, 0;
    %pushi/vec4 10, 0, 5;
    %store/vec4 v0x559525ececf0_0, 0, 5;
    %fork TD_multiplexor_test.expect, S_0x559525f08cf0;
    %join;
    %pushi/vec4 1, 0, 1;
    %store/vec4 v0x559525f21970_0, 0, 1;
    %pushi/vec4 0, 0, 5;
    %store/vec4 v0x559525f216c0_0, 0, 5;
    %pushi/vec4 21, 0, 5;
    %store/vec4 v0x559525f217a0_0, 0, 5;
    %delay 1, 0;
    %pushi/vec4 21, 0, 5;
    %store/vec4 v0x559525ececf0_0, 0, 5;
    %fork TD_multiplexor_test.expect, S_0x559525f08cf0;
    %join;
    %pushi/vec4 1, 0, 1;
    %store/vec4 v0x559525f21970_0, 0, 1;
    %pushi/vec4 0, 0, 5;
    %store/vec4 v0x559525f216c0_0, 0, 5;
    %pushi/vec4 10, 0, 5;
    %store/vec4 v0x559525f217a0_0, 0, 5;
    %delay 1, 0;
    %pushi/vec4 10, 0, 5;
    %store/vec4 v0x559525ececf0_0, 0, 5;
    %fork TD_multiplexor_test.expect, S_0x559525f08cf0;
    %join;
    %vpi_call 2 42 "$display", "TEST PASSED" {0 0 0};
    %vpi_call 2 43 "$finish" {0 0 0};
    %end;
    .thread T_2;
# The file index is used to find the file name in the following table.
:file_names 4;
    "N/A";
    "<interactive>";
    "multiplexor_test.v";
    "multiplexor.v";
