#! /usr/bin/vvp
:ivl_version "12.0 (stable)";
:ivl_delay_selection "TYPICAL";
:vpi_time_precision + 0;
:vpi_module "/usr/lib/x86_64-linux-gnu/ivl/system.vpi";
:vpi_module "/usr/lib/x86_64-linux-gnu/ivl/vhdl_sys.vpi";
:vpi_module "/usr/lib/x86_64-linux-gnu/ivl/vhdl_textio.vpi";
:vpi_module "/usr/lib/x86_64-linux-gnu/ivl/v2005_math.vpi";
:vpi_module "/usr/lib/x86_64-linux-gnu/ivl/va_math.vpi";
S_0x5e501e387e80 .scope module, "test_cpu" "test_cpu" 2 1;
 .timescale 0 0;
v0x5e501e3aa1d0_0 .var "clk", 0 0;
v0x5e501e3aa290_0 .net "halt", 0 0, L_0x5e501e3bad00;  1 drivers
v0x5e501e3aa330_0 .var "rst", 0 0;
E_0x5e501e38a760 .event anyedge, v0x5e501e3a8760_0;
S_0x5e501e388010 .scope module, "cpu_inst" "cpu" 2 7, 3 1 0, S_0x5e501e387e80;
 .timescale 0 0;
    .port_info 0 /INPUT 1 "CLK";
    .port_info 1 /INPUT 1 "RST";
    .port_info 2 /OUTPUT 1 "HALT";
L_0x5e501e372bb0 .functor BUFZ 8, L_0x5e501e3aa3d0, C4<00000000>, C4<00000000>, C4<00000000>;
L_0x5e501e3aaaf0 .functor BUFZ 8, L_0x5e501e3aa820, C4<00000000>, C4<00000000>, C4<00000000>;
v0x5e501e373400_0 .net "CLK", 0 0, v0x5e501e3aa1d0_0;  1 drivers
v0x5e501e3a8760_0 .net "HALT", 0 0, L_0x5e501e3bad00;  alias, 1 drivers
v0x5e501e3a8820_0 .net "RST", 0 0, v0x5e501e3aa330_0;  1 drivers
v0x5e501e3a88c0_0 .net *"_ivl_0", 7 0, L_0x5e501e3aa3d0;  1 drivers
v0x5e501e3a89a0_0 .net *"_ivl_12", 7 0, L_0x5e501e3aa820;  1 drivers
v0x5e501e3a8ad0_0 .net *"_ivl_14", 6 0, L_0x5e501e3aa920;  1 drivers
L_0x706270db7060 .functor BUFT 1, C4<00>, C4<0>, C4<0>, C4<0>;
v0x5e501e3a8bb0_0 .net *"_ivl_17", 1 0, L_0x706270db7060;  1 drivers
v0x5e501e3a8c90_0 .net *"_ivl_2", 6 0, L_0x5e501e3aa4a0;  1 drivers
v0x5e501e3a8d70_0 .net *"_ivl_20", 31 0, L_0x5e501e3aabb0;  1 drivers
L_0x706270db70a8 .functor BUFT 1, C4<00000000000000000000000000000>, C4<0>, C4<0>, C4<0>;
v0x5e501e3a8e50_0 .net *"_ivl_23", 28 0, L_0x706270db70a8;  1 drivers
L_0x706270db70f0 .functor BUFT 1, C4<00000000000000000000000000000000>, C4<0>, C4<0>, C4<0>;
v0x5e501e3a8f30_0 .net/2u *"_ivl_24", 31 0, L_0x706270db70f0;  1 drivers
L_0x706270db7018 .functor BUFT 1, C4<00>, C4<0>, C4<0>, C4<0>;
v0x5e501e3a9010_0 .net *"_ivl_5", 1 0, L_0x706270db7018;  1 drivers
v0x5e501e3a90f0_0 .var "ac", 7 0;
v0x5e501e3a91d0_0 .net "instruction", 7 0, L_0x5e501e372bb0;  1 drivers
v0x5e501e3a92b0 .array "mem", 31 0, 7 0;
v0x5e501e3a9370_0 .net "opcode", 7 5, L_0x5e501e3aa660;  1 drivers
v0x5e501e3a9450_0 .net "operand", 4 0, L_0x5e501e3aa750;  1 drivers
v0x5e501e3a9530_0 .var "pc", 4 0;
v0x5e501e3a9610_0 .net "rvalue", 7 0, L_0x5e501e3aaaf0;  1 drivers
E_0x5e501e388d80 .event posedge, v0x5e501e373400_0;
L_0x5e501e3aa3d0 .array/port v0x5e501e3a92b0, L_0x5e501e3aa4a0;
L_0x5e501e3aa4a0 .concat [ 5 2 0 0], v0x5e501e3a9530_0, L_0x706270db7018;
L_0x5e501e3aa660 .part L_0x5e501e372bb0, 5, 3;
L_0x5e501e3aa750 .part L_0x5e501e372bb0, 0, 5;
L_0x5e501e3aa820 .array/port v0x5e501e3a92b0, L_0x5e501e3aa920;
L_0x5e501e3aa920 .concat [ 5 2 0 0], L_0x5e501e3aa750, L_0x706270db7060;
L_0x5e501e3aabb0 .concat [ 3 29 0 0], L_0x5e501e3aa660, L_0x706270db70a8;
L_0x5e501e3bad00 .cmp/eq 32, L_0x5e501e3aabb0, L_0x706270db70f0;
S_0x5e501e3a9770 .scope task, "endtst" "endtst" 2 50, 2 50 0, S_0x5e501e387e80;
 .timescale 0 0;
v0x5e501e3a9900_0 .var "cmp_num", 4 0;
TD_test_cpu.endtst ;
    %load/vec4 v0x5e501e3a9ff0_0;
    %dup/vec4;
    %pushi/vec4 1, 0, 8;
    %cmp/u;
    %jmp/1 T_0.0, 6;
    %dup/vec4;
    %pushi/vec4 2, 0, 8;
    %cmp/u;
    %jmp/1 T_0.1, 6;
    %dup/vec4;
    %pushi/vec4 3, 0, 8;
    %cmp/u;
    %jmp/1 T_0.2, 6;
    %jmp T_0.3;
T_0.0 ;
    %pushi/vec4 23, 0, 5;
    %store/vec4 v0x5e501e3a9900_0, 0, 5;
    %jmp T_0.3;
T_0.1 ;
    %pushi/vec4 23, 0, 5;
    %store/vec4 v0x5e501e3a9900_0, 0, 5;
    %jmp T_0.3;
T_0.2 ;
    %pushi/vec4 23, 0, 5;
    %store/vec4 v0x5e501e3a9900_0, 0, 5;
    %jmp T_0.3;
T_0.3 ;
    %pop/vec4 1;
    %load/vec4 v0x5e501e3a9900_0;
    %load/vec4 v0x5e501e3aa290_0;
    %pad/u 5;
    %cmp/e;
    %jmp/0xz  T_0.4, 6;
    %vpi_call 2 58 "$display", "SUCESS" {0 0 0};
    %jmp T_0.5;
T_0.4 ;
    %vpi_call 2 59 "$display", "ERROR" {0 0 0};
T_0.5 ;
    %end;
S_0x5e501e3a99e0 .scope task, "init" "init" 2 13, 2 13 0, S_0x5e501e387e80;
 .timescale 0 0;
TD_test_cpu.init ;
    %vpi_call 2 15 "$display", "Hello! Init cpu test...." {0 0 0};
    %vpi_call 2 16 "$display", "Choose the file with:" {0 0 0};
    %vpi_call 2 17 "$display", "deposit test_cpu.run.number n; task test_cpu.run; run" {0 0 0};
    %end;
S_0x5e501e3a9bc0 .scope task, "reset" "reset" 2 21, 2 21 0, S_0x5e501e387e80;
 .timescale 0 0;
E_0x5e501e38adf0 .event negedge, v0x5e501e373400_0;
TD_test_cpu.reset ;
    %vpi_call 2 23 "$display", "rst = 1..." {0 0 0};
    %wait E_0x5e501e38adf0;
    %pushi/vec4 1, 0, 1;
    %store/vec4 v0x5e501e3aa330_0, 0, 1;
    %vpi_call 2 25 "$display", "rst = 0..." {0 0 0};
    %wait E_0x5e501e38adf0;
    %pushi/vec4 0, 0, 1;
    %store/vec4 v0x5e501e3aa330_0, 0, 1;
    %vpi_call 2 27 "$display", v0x5e501e3a9530_0 {0 0 0};
    %end;
S_0x5e501e3a9dc0 .scope task, "run" "run" 2 39, 2 39 0, S_0x5e501e387e80;
 .timescale 0 0;
v0x5e501e3a9ff0_0 .var "number", 7 0;
v0x5e501e3aa0f0_0 .var "testfile", 72 1;
TD_test_cpu.run ;
    %pushi/vec4 1347571527, 0, 32; draw_string_vec4
    %pushi/vec4 48, 0, 8;
    %load/vec4 v0x5e501e3a9ff0_0;
    %add;
    %concat/vec4; draw_concat_vec4
    %pushi/vec4 779384948, 0, 32; draw_string_vec4
    %concat/vec4; draw_concat_vec4
    %store/vec4 v0x5e501e3aa0f0_0, 0, 72;
    %vpi_call 2 45 "$readmemb", v0x5e501e3aa0f0_0, v0x5e501e3a92b0 {0 0 0};
    %fork TD_test_cpu.reset, S_0x5e501e3a9bc0;
    %join;
    %end;
    .scope S_0x5e501e388010;
T_4 ;
    %wait E_0x5e501e388d80;
    %load/vec4 v0x5e501e3a8820_0;
    %flag_set/vec4 8;
    %jmp/0xz  T_4.0, 8;
    %pushi/vec4 0, 0, 5;
    %assign/vec4 v0x5e501e3a9530_0, 0;
    %jmp T_4.1;
T_4.0 ;
    %load/vec4 v0x5e501e3a9370_0;
    %dup/vec4;
    %pushi/vec4 0, 0, 3;
    %cmp/u;
    %jmp/1 T_4.2, 6;
    %dup/vec4;
    %pushi/vec4 1, 0, 3;
    %cmp/u;
    %jmp/1 T_4.3, 6;
    %dup/vec4;
    %pushi/vec4 2, 0, 3;
    %cmp/u;
    %jmp/1 T_4.4, 6;
    %dup/vec4;
    %pushi/vec4 3, 0, 3;
    %cmp/u;
    %jmp/1 T_4.5, 6;
    %dup/vec4;
    %pushi/vec4 4, 0, 3;
    %cmp/u;
    %jmp/1 T_4.6, 6;
    %dup/vec4;
    %pushi/vec4 5, 0, 3;
    %cmp/u;
    %jmp/1 T_4.7, 6;
    %dup/vec4;
    %pushi/vec4 6, 0, 3;
    %cmp/u;
    %jmp/1 T_4.8, 6;
    %dup/vec4;
    %pushi/vec4 7, 0, 3;
    %cmp/u;
    %jmp/1 T_4.9, 6;
    %jmp T_4.10;
T_4.2 ;
    %load/vec4 v0x5e501e3a9530_0;
    %assign/vec4 v0x5e501e3a9530_0, 0;
    %jmp T_4.10;
T_4.3 ;
    %load/vec4 v0x5e501e3a9530_0;
    %addi 1, 0, 5;
    %load/vec4 v0x5e501e3a90f0_0;
    %nor/r;
    %pad/u 5;
    %add;
    %assign/vec4 v0x5e501e3a9530_0, 0;
    %jmp T_4.10;
T_4.4 ;
    %load/vec4 v0x5e501e3a90f0_0;
    %load/vec4 v0x5e501e3a9610_0;
    %add;
    %assign/vec4 v0x5e501e3a90f0_0, 0;
    %load/vec4 v0x5e501e3a9530_0;
    %addi 1, 0, 5;
    %assign/vec4 v0x5e501e3a9530_0, 0;
    %jmp T_4.10;
T_4.5 ;
    %load/vec4 v0x5e501e3a90f0_0;
    %load/vec4 v0x5e501e3a9610_0;
    %and;
    %assign/vec4 v0x5e501e3a90f0_0, 0;
    %load/vec4 v0x5e501e3a9530_0;
    %addi 1, 0, 5;
    %assign/vec4 v0x5e501e3a9530_0, 0;
    %jmp T_4.10;
T_4.6 ;
    %load/vec4 v0x5e501e3a90f0_0;
    %load/vec4 v0x5e501e3a9610_0;
    %xor;
    %assign/vec4 v0x5e501e3a90f0_0, 0;
    %load/vec4 v0x5e501e3a9530_0;
    %addi 1, 0, 5;
    %assign/vec4 v0x5e501e3a9530_0, 0;
    %jmp T_4.10;
T_4.7 ;
    %load/vec4 v0x5e501e3a9610_0;
    %assign/vec4 v0x5e501e3a90f0_0, 0;
    %load/vec4 v0x5e501e3a9530_0;
    %addi 1, 0, 5;
    %assign/vec4 v0x5e501e3a9530_0, 0;
    %jmp T_4.10;
T_4.8 ;
    %load/vec4 v0x5e501e3a90f0_0;
    %load/vec4 v0x5e501e3a9450_0;
    %pad/u 7;
    %ix/vec4 3;
    %ix/load 4, 0, 0; Constant delay
    %assign/vec4/a/d v0x5e501e3a92b0, 0, 4;
    %load/vec4 v0x5e501e3a9530_0;
    %addi 1, 0, 5;
    %assign/vec4 v0x5e501e3a9530_0, 0;
    %jmp T_4.10;
T_4.9 ;
    %load/vec4 v0x5e501e3a9450_0;
    %assign/vec4 v0x5e501e3a9530_0, 0;
    %jmp T_4.10;
T_4.10 ;
    %pop/vec4 1;
T_4.1 ;
    %jmp T_4;
    .thread T_4;
    .scope S_0x5e501e387e80;
T_5 ;
    %pushi/vec4 1, 0, 1;
    %store/vec4 v0x5e501e3aa1d0_0, 0, 1;
    %pushi/vec4 0, 0, 1;
    %store/vec4 v0x5e501e3aa330_0, 0, 1;
    %end;
    .thread T_5;
    .scope S_0x5e501e387e80;
T_6 ;
    %delay 5, 0;
    %load/vec4 v0x5e501e3aa1d0_0;
    %inv;
    %store/vec4 v0x5e501e3aa1d0_0, 0, 1;
    %jmp T_6;
    .thread T_6;
    .scope S_0x5e501e387e80;
T_7 ;
    %vpi_call 2 32 "$display", "Running setup..." {0 0 0};
    %fork TD_test_cpu.reset, S_0x5e501e3a9bc0;
    %join;
    %fork TD_test_cpu.init, S_0x5e501e3a99e0;
    %join;
    %vpi_call 2 36 "$stop" {0 0 0};
    %end;
    .thread T_7;
    .scope S_0x5e501e387e80;
T_8 ;
    %wait E_0x5e501e38a760;
    %fork TD_test_cpu.endtst, S_0x5e501e3a9770;
    %join;
    %fork TD_test_cpu.init, S_0x5e501e3a99e0;
    %join;
    %jmp T_8;
    .thread T_8, $push;
# The file index is used to find the file name in the following table.
:file_names 4;
    "N/A";
    "<interactive>";
    "test.v";
    "cpu.v";
