#! /usr/bin/vvp
:ivl_version "12.0 (stable)" "(v12_0-dirty)";
:ivl_delay_selection "TYPICAL";
:vpi_time_precision - 9;
:vpi_module "/usr/lib/ivl/system.vpi";
:vpi_module "/usr/lib/ivl/vhdl_sys.vpi";
:vpi_module "/usr/lib/ivl/vhdl_textio.vpi";
:vpi_module "/usr/lib/ivl/v2005_math.vpi";
:vpi_module "/usr/lib/ivl/va_math.vpi";
S_0x63d26263e5b0 .scope module, "test" "test" 2 4;
 .timescale -9 -9;
P_0x63d26263fc70 .param/l "BODY_SIZE" 1 2 14, +C4<00000000000000000000000000010000>;
P_0x63d26263fcb0 .param/l "HEADER_SIZE" 1 2 12, +C4<00000000000000000000000000001000>;
P_0x63d26263fcf0 .param/l "HEADER_VALUE" 1 2 13, +C4<00000000000000000000000010100101>;
v0x63d2626ab040_0 .var "ACK", 0 0;
v0x63d2626ab100_0 .var "BODY1", 15 0;
v0x63d2626ab1c0_0 .var "BODY2", 15 0;
v0x63d2626ab2b0_0 .var "BODY3", 15 0;
v0x63d2626ab390_0 .var "BODY4", 15 0;
v0x63d2626ab470_0 .net "DOUT", 7 0, L_0x63d2626abae0;  1 drivers
v0x63d2626ab530_0 .net "READY", 0 0, L_0x63d2626aba40;  1 drivers
v0x63d2626ab600_0 .var "RST", 0 0;
v0x63d2626ab6d0_0 .var "SCLK", 0 0;
v0x63d2626ab830_0 .var "SDATA", 0 0;
v0x63d2626ab900_0 .var/i "frames_rcvd", 31 0;
v0x63d2626ab9a0_0 .var/i "frames_sent", 31 0;
S_0x63d2626823f0 .scope begin, "RESPONSE" "RESPONSE" 2 67, 2 67 0, S_0x63d26263e5b0;
 .timescale -9 -9;
v0x63d26266e830 .array "data_array", 3 0, 15 0;
v0x63d26266eab0_0 .var "data_rcvd", 15 0;
v0x63d26266f200_0 .var/i "frame", 31 0;
E_0x63d262684c40 .event negedge, v0x63d2626aa890_0;
E_0x63d262685090 .event posedge, v0x63d2626aa700_0;
S_0x63d2626a99e0 .scope begin, "STIM" "STIM" 2 36, 2 36 0, S_0x63d26263e5b0;
 .timescale -9 -9;
v0x63d26266f940_0 .var/i "bit", 31 0;
v0x63d262671110_0 .var "stream", 0 255;
S_0x63d2626a9c60 .scope module, "rcv1" "rcvr" 2 20, 3 3 0, S_0x63d26263e5b0;
 .timescale -9 -9;
    .port_info 0 /INPUT 1 "SCLK";
    .port_info 1 /INPUT 1 "RST";
    .port_info 2 /INPUT 1 "SDATA";
    .port_info 3 /INPUT 1 "ACK";
    .port_info 4 /OUTPUT 1 "READY";
    .port_info 5 /OUTPUT 8 "DOUT";
P_0x63d2626736f0 .param/l "ACK_COUNT" 1 3 20, +C4<00000000000000000000000000000010>;
P_0x63d262673730 .param/l "ACK_SIZE" 1 3 21, +C4<00000000000000000000000000000010>;
P_0x63d262673770 .param/l "BODY_SIZE" 0 3 7, +C4<00000000000000000000000000010000>;
P_0x63d2626737b0 .param/l "COUNTER_SIZE" 1 3 19, +C4<00000000000000000000000000000100>;
P_0x63d2626737f0 .param/l "HEADER_SIZE" 0 3 5, +C4<00000000000000000000000000001000>;
P_0x63d262673830 .param/l "HEADER_VALUE" 0 3 6, +C4<00000000000000000000000010100101>;
P_0x63d262673870 .param/l "SHIFTB" 1 3 24, +C4<00000000000000000000000000000001>;
P_0x63d2626738b0 .param/l "SHIFTH" 1 3 23, +C4<00000000000000000000000000000000>;
v0x63d2626aa540_0 .net "ACK", 0 0, v0x63d2626ab040_0;  1 drivers
v0x63d2626aa620_0 .net "DOUT", 7 0, L_0x63d2626abae0;  alias, 1 drivers
v0x63d2626aa700_0 .net "READY", 0 0, L_0x63d2626aba40;  alias, 1 drivers
v0x63d2626aa7d0_0 .net "RST", 0 0, v0x63d2626ab600_0;  1 drivers
v0x63d2626aa890_0 .net "SCLK", 0 0, v0x63d2626ab6d0_0;  1 drivers
v0x63d2626aa9a0_0 .net "SDATA", 0 0, v0x63d2626ab830_0;  1 drivers
v0x63d2626aaa60_0 .var "body", 15 0;
v0x63d2626aab40_0 .var "buffer", 15 0;
v0x63d2626aac20_0 .var "count", 3 0;
v0x63d2626aad00_0 .var "header", 7 0;
v0x63d2626aade0_0 .var "rdycnt", 1 0;
v0x63d2626aaec0_0 .var "state", 0 0;
E_0x63d262684820 .event posedge, v0x63d2626aa890_0;
L_0x63d2626aba40 .part v0x63d2626aade0_0, 0, 1;
L_0x63d2626abae0 .part v0x63d2626aab40_0, 8, 8;
S_0x63d2626aa200 .scope begin, "BEHAVIOR" "BEHAVIOR" 3 42, 3 42 0, S_0x63d2626a9c60;
 .timescale -9 -9;
v0x63d262672f20_0 .var "body_next", 15 0;
v0x63d2626aa460_0 .var "header_next", 7 0;
    .scope S_0x63d2626a9c60;
T_0 ;
    %wait E_0x63d262684820;
    %load/vec4 v0x63d2626aa7d0_0;
    %flag_set/vec4 8;
    %jmp/0xz  T_0.0, 8;
    %pushi/vec4 0, 0, 1;
    %assign/vec4 v0x63d2626aaec0_0, 0;
    %pushi/vec4 0, 0, 8;
    %assign/vec4 v0x63d2626aad00_0, 0;
    %pushi/vec4 0, 0, 4;
    %assign/vec4 v0x63d2626aac20_0, 0;
    %pushi/vec4 0, 0, 2;
    %assign/vec4 v0x63d2626aade0_0, 0;
    %jmp T_0.1;
T_0.0 ;
    %fork t_1, S_0x63d2626aa200;
    %jmp t_0;
    .scope S_0x63d2626aa200;
t_1 ;
    %load/vec4 v0x63d2626aad00_0;
    %ix/load 4, 1, 0;
    %flag_set/imm 4, 0;
    %shiftl 4;
    %load/vec4 v0x63d2626aa9a0_0;
    %pad/u 8;
    %or;
    %store/vec4 v0x63d2626aa460_0, 0, 8;
    %load/vec4 v0x63d2626aaa60_0;
    %ix/load 4, 1, 0;
    %flag_set/imm 4, 0;
    %shiftl 4;
    %load/vec4 v0x63d2626aa9a0_0;
    %pad/u 16;
    %or;
    %store/vec4 v0x63d262672f20_0, 0, 16;
    %load/vec4 v0x63d2626aaec0_0;
    %dup/vec4;
    %pushi/vec4 0, 0, 1;
    %cmp/u;
    %jmp/1 T_0.2, 6;
    %dup/vec4;
    %pushi/vec4 1, 0, 1;
    %cmp/u;
    %jmp/1 T_0.3, 6;
    %jmp T_0.4;
T_0.2 ;
    %load/vec4 v0x63d2626aa460_0;
    %pad/u 32;
    %cmpi/e 165, 0, 32;
    %jmp/0xz  T_0.5, 4;
    %pushi/vec4 1, 0, 1;
    %assign/vec4 v0x63d2626aaec0_0, 0;
T_0.5 ;
    %jmp T_0.4;
T_0.3 ;
    %load/vec4 v0x63d2626aac20_0;
    %pad/u 32;
    %cmpi/e 15, 0, 32;
    %jmp/0xz  T_0.7, 4;
    %pushi/vec4 0, 0, 1;
    %assign/vec4 v0x63d2626aaec0_0, 0;
T_0.7 ;
    %jmp T_0.4;
T_0.4 ;
    %pop/vec4 1;
    %load/vec4 v0x63d2626aaec0_0;
    %pad/u 32;
    %cmpi/e 0, 0, 32;
    %jmp/0xz  T_0.9, 4;
    %load/vec4 v0x63d2626aa460_0;
    %pad/u 32;
    %cmpi/e 165, 0, 32;
    %jmp/0xz  T_0.11, 4;
    %pushi/vec4 0, 0, 8;
    %assign/vec4 v0x63d2626aad00_0, 0;
    %jmp T_0.12;
T_0.11 ;
    %load/vec4 v0x63d2626aa460_0;
    %assign/vec4 v0x63d2626aad00_0, 0;
T_0.12 ;
T_0.9 ;
    %load/vec4 v0x63d2626aaec0_0;
    %pad/u 32;
    %cmpi/e 1, 0, 32;
    %jmp/0xz  T_0.13, 4;
    %load/vec4 v0x63d262672f20_0;
    %assign/vec4 v0x63d2626aaa60_0, 0;
T_0.13 ;
    %load/vec4 v0x63d2626aaec0_0;
    %pad/u 32;
    %cmpi/e 1, 0, 32;
    %jmp/0xz  T_0.15, 4;
    %load/vec4 v0x63d2626aac20_0;
    %pad/u 32;
    %cmpi/e 15, 0, 32;
    %jmp/0xz  T_0.17, 4;
    %pushi/vec4 0, 0, 4;
    %assign/vec4 v0x63d2626aac20_0, 0;
    %jmp T_0.18;
T_0.17 ;
    %load/vec4 v0x63d2626aac20_0;
    %addi 1, 0, 4;
    %assign/vec4 v0x63d2626aac20_0, 0;
T_0.18 ;
T_0.15 ;
    %load/vec4 v0x63d2626aac20_0;
    %pad/u 32;
    %cmpi/e 15, 0, 32;
    %jmp/0xz  T_0.19, 4;
    %load/vec4 v0x63d262672f20_0;
    %assign/vec4 v0x63d2626aab40_0, 0;
    %jmp T_0.20;
T_0.19 ;
    %load/vec4 v0x63d2626aa540_0;
    %flag_set/vec4 8;
    %jmp/0xz  T_0.21, 8;
    %load/vec4 v0x63d2626aab40_0;
    %ix/load 4, 8, 0;
    %flag_set/imm 4, 0;
    %shiftl 4;
    %assign/vec4 v0x63d2626aab40_0, 0;
T_0.21 ;
T_0.20 ;
    %load/vec4 v0x63d2626aac20_0;
    %pad/u 32;
    %cmpi/e 15, 0, 32;
    %jmp/0xz  T_0.23, 4;
    %pushi/vec4 1, 0, 2;
    %assign/vec4 v0x63d2626aade0_0, 0;
    %jmp T_0.24;
T_0.23 ;
    %load/vec4 v0x63d2626aa540_0;
    %flag_set/vec4 8;
    %jmp/0xz  T_0.25, 8;
    %load/vec4 v0x63d2626aade0_0;
    %parti/s 1, 1, 2;
    %pad/u 32;
    %cmpi/e 1, 0, 32;
    %jmp/0xz  T_0.27, 4;
    %pushi/vec4 0, 0, 2;
    %assign/vec4 v0x63d2626aade0_0, 0;
    %jmp T_0.28;
T_0.27 ;
    %load/vec4 v0x63d2626aade0_0;
    %pad/u 3;
    %addi 2, 0, 3;
    %pad/u 2;
    %assign/vec4 v0x63d2626aade0_0, 0;
T_0.28 ;
T_0.25 ;
T_0.24 ;
    %end;
    .scope S_0x63d2626a9c60;
t_0 %join;
T_0.1 ;
    %jmp T_0;
    .thread T_0;
    .scope S_0x63d26263e5b0;
T_1 ;
    %pushi/vec4 0, 0, 32;
    %store/vec4 v0x63d2626ab9a0_0, 0, 32;
    %pushi/vec4 0, 0, 32;
    %store/vec4 v0x63d2626ab900_0, 0, 32;
    %end;
    .thread T_1;
    .scope S_0x63d26263e5b0;
T_2 ;
    %pushi/vec4 1, 0, 1;
    %store/vec4 v0x63d2626ab6d0_0, 0, 1;
    %delay 1, 0;
    %pushi/vec4 0, 0, 1;
    %store/vec4 v0x63d2626ab6d0_0, 0, 1;
    %delay 1, 0;
    %jmp T_2;
    .thread T_2;
    .scope S_0x63d26263e5b0;
T_3 ;
    %fork t_3, S_0x63d2626a99e0;
    %jmp t_2;
    .scope S_0x63d2626a99e0;
t_3 ;
    %vpi_func 2 39 "$random" 32 {0 0 0};
    %pad/s 16;
    %store/vec4 v0x63d2626ab100_0, 0, 16;
    %vpi_func 2 40 "$random" 32 {0 0 0};
    %pad/s 16;
    %store/vec4 v0x63d2626ab1c0_0, 0, 16;
    %vpi_func 2 41 "$random" 32 {0 0 0};
    %pad/s 16;
    %store/vec4 v0x63d2626ab2b0_0, 0, 16;
    %vpi_func 2 42 "$random" 32 {0 0 0};
    %pad/s 16;
    %store/vec4 v0x63d2626ab390_0, 0, 16;
    %pushi/vec4 0, 0, 32;
    %concati/vec4 165, 0, 32;
    %load/vec4 v0x63d2626ab100_0;
    %concat/vec4; draw_concat_vec4
    %concati/vec4 0, 0, 16;
    %concati/vec4 165, 0, 32;
    %load/vec4 v0x63d2626ab1c0_0;
    %concat/vec4; draw_concat_vec4
    %concati/vec4 0, 0, 64;
    %concati/vec4 165, 0, 32;
    %load/vec4 v0x63d2626ab2b0_0;
    %concat/vec4; draw_concat_vec4
    %concati/vec4 0, 0, 32;
    %concati/vec4 165, 0, 32;
    %load/vec4 v0x63d2626ab390_0;
    %concat/vec4; draw_concat_vec4
    %concati/vec4 0, 0, 16;
    %pad/u 256;
    %store/vec4 v0x63d262671110_0, 0, 256;
    %vpi_call 2 46 "$timeformat", 32'sb11111111111111111111111111110111, 32'sb00000000000000000000000000000000, "ns", 32'sb00000000000000000000000000000101 {0 0 0};
    %vpi_call 2 47 "$display", "here" {0 0 0};
    %wait E_0x63d262684c40;
    %pushi/vec4 1, 0, 1;
    %assign/vec4 v0x63d2626ab600_0, 0;
    %wait E_0x63d262684c40;
    %pushi/vec4 0, 0, 1;
    %assign/vec4 v0x63d2626ab600_0, 0;
    %pushi/vec4 0, 0, 1;
    %assign/vec4 v0x63d2626ab830_0, 0;
    %pushi/vec4 1, 0, 32;
    %store/vec4 v0x63d26266f940_0, 0, 32;
T_3.0 ;
    %load/vec4 v0x63d26266f940_0;
    %cmpi/s 256, 0, 32;
    %flag_or 5, 4;
    %jmp/0xz T_3.1, 5;
    %wait E_0x63d262684c40;
    %load/vec4 v0x63d262671110_0;
    %pushi/vec4 255, 0, 34;
    %load/vec4 v0x63d26266f940_0;
    %pad/s 34;
    %sub;
    %part/s 1;
    %assign/vec4 v0x63d2626ab830_0, 0;
    %load/vec4 v0x63d26266f940_0;
    %addi 1, 0, 32;
    %store/vec4 v0x63d26266f940_0, 0, 32;
    %jmp T_3.0;
T_3.1 ;
    %wait E_0x63d262684c40;
    %vpi_call 2 53 "$display", "%t: Stimulus process complete", $time {0 0 0};
    %pushi/vec4 4, 0, 32;
    %store/vec4 v0x63d2626ab9a0_0, 0, 32;
    %vpi_call 2 55 "$display", "%t: frames_sent=%0d, frames_rcvd=%0d", $time, v0x63d2626ab9a0_0, v0x63d2626ab900_0 {0 0 0};
    %load/vec4 v0x63d2626ab9a0_0;
    %load/vec4 v0x63d2626ab900_0;
    %cmp/ne;
    %jmp/0xz  T_3.2, 6;
    %vpi_call 2 59 "$display", "ERROR: frames_sent=%0d, frames_rcvd=%0d", v0x63d2626ab9a0_0, v0x63d2626ab900_0 {0 0 0};
    %jmp T_3.3;
T_3.2 ;
    %vpi_call 2 62 "$display", "SUCCESS: frames_sent=%0d, frames_rcvd=%0d", v0x63d2626ab9a0_0, v0x63d2626ab900_0 {0 0 0};
T_3.3 ;
    %vpi_call 2 64 "$finish" {0 0 0};
    %end;
    .scope S_0x63d26263e5b0;
t_2 %join;
    %end;
    .thread T_3;
    .scope S_0x63d26263e5b0;
T_4 ;
    %fork t_5, S_0x63d2626823f0;
    %jmp t_4;
    .scope S_0x63d2626823f0;
t_5 ;
    %wait E_0x63d262684c40;
    %pushi/vec4 0, 0, 1;
    %assign/vec4 v0x63d2626ab040_0, 0;
    %load/vec4 v0x63d2626ab100_0;
    %ix/load 4, 0, 0;
    %flag_set/imm 4, 0;
    %store/vec4a v0x63d26266e830, 4, 0;
    %load/vec4 v0x63d2626ab1c0_0;
    %ix/load 4, 1, 0;
    %flag_set/imm 4, 0;
    %store/vec4a v0x63d26266e830, 4, 0;
    %load/vec4 v0x63d2626ab2b0_0;
    %ix/load 4, 2, 0;
    %flag_set/imm 4, 0;
    %store/vec4a v0x63d26266e830, 4, 0;
    %load/vec4 v0x63d2626ab390_0;
    %ix/load 4, 3, 0;
    %flag_set/imm 4, 0;
    %store/vec4a v0x63d26266e830, 4, 0;
    %pushi/vec4 1, 0, 32;
    %store/vec4 v0x63d26266f200_0, 0, 32;
T_4.0 ;
    %load/vec4 v0x63d26266f200_0;
    %cmpi/s 4, 0, 32;
    %flag_or 5, 4;
    %jmp/0xz T_4.1, 5;
    %wait E_0x63d262685090;
    %wait E_0x63d262684c40;
    %pushi/vec4 1, 0, 1;
    %assign/vec4 v0x63d2626ab040_0, 0;
    %load/vec4 v0x63d2626ab470_0;
    %pad/u 16;
    %store/vec4 v0x63d26266eab0_0, 0, 16;
    %wait E_0x63d262684c40;
    %pushi/vec4 1, 0, 1;
    %assign/vec4 v0x63d2626ab040_0, 0;
    %load/vec4 v0x63d26266eab0_0;
    %ix/load 4, 8, 0;
    %flag_set/imm 4, 0;
    %shiftl 4;
    %load/vec4 v0x63d2626ab470_0;
    %pad/u 16;
    %or;
    %store/vec4 v0x63d26266eab0_0, 0, 16;
    %wait E_0x63d262684c40;
    %pushi/vec4 0, 0, 1;
    %assign/vec4 v0x63d2626ab040_0, 0;
    %vpi_call 2 82 "$display", "%t: Rcvd data %h", $time, v0x63d26266eab0_0 {0 0 0};
    %load/vec4 v0x63d26266eab0_0;
    %ix/getv/s 4, v0x63d26266f200_0;
    %load/vec4a v0x63d26266e830, 4;
    %cmp/ne;
    %jmp/0xz  T_4.2, 6;
    %vpi_call 2 85 "$display", "ERROR: Want data %h", &A<v0x63d26266e830, v0x63d26266f200_0 > {0 0 0};
    %vpi_call 2 86 "$finish" {0 0 0};
T_4.2 ;
    %load/vec4 v0x63d2626ab900_0;
    %addi 1, 0, 32;
    %store/vec4 v0x63d2626ab900_0, 0, 32;
    %load/vec4 v0x63d26266f200_0;
    %addi 1, 0, 32;
    %store/vec4 v0x63d26266f200_0, 0, 32;
    %jmp T_4.0;
T_4.1 ;
    %vpi_call 2 90 "$display", "%t: Response process complete", $time {0 0 0};
    %end;
    .scope S_0x63d26263e5b0;
t_4 %join;
    %end;
    .thread T_4;
# The file index is used to find the file name in the following table.
:file_names 4;
    "N/A";
    "<interactive>";
    "test.v";
    "rcvr.v";
