#! /usr/bin/vvp
:ivl_version "11.0 (stable)";
:ivl_delay_selection "TYPICAL";
:vpi_time_precision + 0;
:vpi_module "/usr/lib/x86_64-linux-gnu/ivl/system.vpi";
:vpi_module "/usr/lib/x86_64-linux-gnu/ivl/vhdl_sys.vpi";
:vpi_module "/usr/lib/x86_64-linux-gnu/ivl/vhdl_textio.vpi";
:vpi_module "/usr/lib/x86_64-linux-gnu/ivl/v2005_math.vpi";
:vpi_module "/usr/lib/x86_64-linux-gnu/ivl/va_math.vpi";
S_0x55fbfcf5aca0 .scope module, "driver_test" "driver_test" 2 1;
 .timescale 0 0;
P_0x55fbfcf5ae30 .param/l "WIDTH" 1 2 3, +C4<00000000000000000000000000001000>;
v0x55fbfcf71aa0_0 .var "data_en", 0 0;
v0x55fbfcf71b90_0 .var "data_in", 7 0;
v0x55fbfcf71c60_0 .net "data_out", 7 0, v0x55fbfcf716a0_0;  1 drivers
S_0x55fbfcf5aed0 .scope module, "driver_inst" "driver" 2 13, 3 1 0, S_0x55fbfcf5aca0;
 .timescale 0 0;
    .port_info 0 /INPUT 8 "data_in";
    .port_info 1 /INPUT 1 "data_en";
    .port_info 2 /OUTPUT 8 "data_out";
P_0x55fbfcf5b370 .param/l "WIDTH" 0 3 1, +C4<00000000000000000000000000001000>;
v0x55fbfcf20cf0_0 .net "data_en", 0 0, v0x55fbfcf71aa0_0;  1 drivers
v0x55fbfcf715c0_0 .net "data_in", 7 0, v0x55fbfcf71b90_0;  1 drivers
v0x55fbfcf716a0_0 .var "data_out", 7 0;
E_0x55fbfcf59ff0 .event edge, v0x55fbfcf715c0_0, v0x55fbfcf20cf0_0;
S_0x55fbfcf717e0 .scope task, "expect" "expect" 2 20, 2 20 0, S_0x55fbfcf5aca0;
 .timescale 0 0;
v0x55fbfcf719c0_0 .var "exp_out", 7 0;
TD_driver_test.expect ;
    %load/vec4 v0x55fbfcf71c60_0;
    %load/vec4 v0x55fbfcf719c0_0;
    %cmp/ne;
    %jmp/0xz  T_0.0, 6;
    %vpi_call 2 23 "$display", "TEST FAILED" {0 0 0};
    %vpi_call 2 24 "$display", "At time %0d data_en=%b data_in=%b data_out=%b", $time, v0x55fbfcf71aa0_0, v0x55fbfcf71b90_0, v0x55fbfcf71c60_0 {0 0 0};
    %vpi_call 2 26 "$display", "data_out should be %b", v0x55fbfcf719c0_0 {0 0 0};
    %vpi_call 2 27 "$finish" {0 0 0};
    %jmp T_0.1;
T_0.0 ;
    %vpi_call 2 30 "$display", "At time %0d data_en=%b data_in=%b data_out=%b", $time, v0x55fbfcf71aa0_0, v0x55fbfcf71b90_0, v0x55fbfcf71c60_0 {0 0 0};
T_0.1 ;
    %end;
    .scope S_0x55fbfcf5aed0;
T_1 ;
    %wait E_0x55fbfcf59ff0;
    %load/vec4 v0x55fbfcf20cf0_0;
    %flag_set/vec4 8;
    %jmp/0xz  T_1.0, 8;
    %load/vec4 v0x55fbfcf715c0_0;
    %assign/vec4 v0x55fbfcf716a0_0, 0;
    %jmp T_1.1;
T_1.0 ;
    %pushi/vec4 0, 255, 8;
    %assign/vec4 v0x55fbfcf716a0_0, 0;
T_1.1 ;
    %jmp T_1;
    .thread T_1, $push;
    .scope S_0x55fbfcf5aca0;
T_2 ;
    %pushi/vec4 0, 0, 1;
    %store/vec4 v0x55fbfcf71aa0_0, 0, 1;
    %pushi/vec4 255, 255, 8;
    %store/vec4 v0x55fbfcf71b90_0, 0, 8;
    %delay 1, 0;
    %pushi/vec4 0, 255, 8;
    %store/vec4 v0x55fbfcf719c0_0, 0, 8;
    %fork TD_driver_test.expect, S_0x55fbfcf717e0;
    %join;
    %pushi/vec4 1, 0, 1;
    %store/vec4 v0x55fbfcf71aa0_0, 0, 1;
    %pushi/vec4 85, 0, 8;
    %store/vec4 v0x55fbfcf71b90_0, 0, 8;
    %delay 1, 0;
    %pushi/vec4 85, 0, 8;
    %store/vec4 v0x55fbfcf719c0_0, 0, 8;
    %fork TD_driver_test.expect, S_0x55fbfcf717e0;
    %join;
    %pushi/vec4 1, 0, 1;
    %store/vec4 v0x55fbfcf71aa0_0, 0, 1;
    %pushi/vec4 170, 0, 8;
    %store/vec4 v0x55fbfcf71b90_0, 0, 8;
    %delay 1, 0;
    %pushi/vec4 170, 0, 8;
    %store/vec4 v0x55fbfcf719c0_0, 0, 8;
    %fork TD_driver_test.expect, S_0x55fbfcf717e0;
    %join;
    %vpi_call 2 39 "$display", "TEST PASSED" {0 0 0};
    %vpi_call 2 40 "$finish" {0 0 0};
    %end;
    .thread T_2;
# The file index is used to find the file name in the following table.
:file_names 4;
    "N/A";
    "<interactive>";
    "driver_test.v";
    "driver.v";
