#! /usr/bin/vvp
:ivl_version "11.0 (stable)";
:ivl_delay_selection "TYPICAL";
:vpi_time_precision - 10;
:vpi_module "/usr/lib/x86_64-linux-gnu/ivl/system.vpi";
:vpi_module "/usr/lib/x86_64-linux-gnu/ivl/vhdl_sys.vpi";
:vpi_module "/usr/lib/x86_64-linux-gnu/ivl/vhdl_textio.vpi";
:vpi_module "/usr/lib/x86_64-linux-gnu/ivl/v2005_math.vpi";
:vpi_module "/usr/lib/x86_64-linux-gnu/ivl/va_math.vpi";
S_0x63c05cf9aea0 .scope module, "test" "test" 2 3;
 .timescale -9 -10;
v0x63c05cfea730_0 .var "CANS", 7 0;
v0x63c05cfea810_0 .var "CLK", 0 0;
v0x63c05cfea8b0_0 .var "DIMES", 7 0;
v0x63c05cfea950_0 .var "DIME_IN", 0 0;
v0x63c05cfea9f0_0 .net "DIME_OUT", 0 0, v0x63c05cfe8a10_0;  1 drivers
v0x63c05cfeaa90_0 .net "DISPENSE", 0 0, v0x63c05cfe8b20_0;  1 drivers
v0x63c05cfeab60_0 .net "EMPTY", 0 0, v0x63c05cfe8be0_0;  1 drivers
v0x63c05cfeac30_0 .var "LOAD_CANS", 0 0;
v0x63c05cfead00_0 .var "LOAD_COINS", 0 0;
v0x63c05cfeae60_0 .var "NICKELS", 7 0;
v0x63c05cfeaf30_0 .var "NICKEL_IN", 0 0;
v0x63c05cfeb000_0 .net "NICKEL_OUT", 0 0, v0x63c05cfe8fc0_0;  1 drivers
v0x63c05cfeb0d0_0 .var "QUARTER_IN", 0 0;
v0x63c05cfeb1a0_0 .var "RST", 0 0;
v0x63c05cfeb270_0 .net "TWO_DIME_OUT", 0 0, v0x63c05cfe9200_0;  1 drivers
v0x63c05cfeb340_0 .net "USE_EXACT", 0 0, v0x63c05cfe92c0_0;  1 drivers
S_0x63c05cf4ecf0 .scope begin, "TEST" "TEST" 2 136, 2 136 0, S_0x63c05cf9aea0;
 .timescale -9 -10;
S_0x63c05cf4eed0 .scope task, "add_cans" "add_cans" 2 73, 2 73 0, S_0x63c05cf9aea0;
 .timescale -9 -10;
v0x63c05cf7fed0_0 .var/i "cans", 31 0;
E_0x63c05cf8e730 .event negedge, v0x63c05cfe87d0_0;
TD_test.add_cans ;
    %wait E_0x63c05cf8e730;
    %load/vec4 v0x63c05cf7fed0_0;
    %pad/s 8;
    %assign/vec4 v0x63c05cfea730_0, 0;
    %pushi/vec4 1, 0, 1;
    %assign/vec4 v0x63c05cfeac30_0, 0;
    %wait E_0x63c05cf8e730;
    %pushi/vec4 0, 0, 1;
    %assign/vec4 v0x63c05cfeac30_0, 0;
    %end;
S_0x63c05cfe68b0 .scope task, "add_coins" "add_coins" 2 60, 2 60 0, S_0x63c05cf9aea0;
 .timescale -9 -10;
v0x63c05cf80230_0 .var/i "dimes", 31 0;
v0x63c05cf7f3a0_0 .var/i "nickels", 31 0;
TD_test.add_coins ;
    %wait E_0x63c05cf8e730;
    %load/vec4 v0x63c05cf7f3a0_0;
    %pad/s 8;
    %assign/vec4 v0x63c05cfeae60_0, 0;
    %load/vec4 v0x63c05cf80230_0;
    %pad/s 8;
    %assign/vec4 v0x63c05cfea8b0_0, 0;
    %pushi/vec4 1, 0, 1;
    %assign/vec4 v0x63c05cfead00_0, 0;
    %wait E_0x63c05cf8e730;
    %pushi/vec4 0, 0, 1;
    %assign/vec4 v0x63c05cfead00_0, 0;
    %end;
S_0x63c05cfe6b10 .scope module, "dkm_inst" "dkm" 2 25, 3 3 0, S_0x63c05cf9aea0;
 .timescale -9 -9;
    .port_info 0 /INPUT 1 "CLK";
    .port_info 1 /INPUT 1 "RST";
    .port_info 2 /INPUT 1 "LOAD_COINS";
    .port_info 3 /INPUT 1 "LOAD_CANS";
    .port_info 4 /INPUT 8 "NICKELS";
    .port_info 5 /INPUT 8 "DIMES";
    .port_info 6 /INPUT 8 "CANS";
    .port_info 7 /INPUT 1 "NICKEL_IN";
    .port_info 8 /INPUT 1 "DIME_IN";
    .port_info 9 /INPUT 1 "QUARTER_IN";
    .port_info 10 /OUTPUT 1 "EMPTY";
    .port_info 11 /OUTPUT 1 "DISPENSE";
    .port_info 12 /OUTPUT 1 "NICKEL_OUT";
    .port_info 13 /OUTPUT 1 "DIME_OUT";
    .port_info 14 /OUTPUT 1 "TWO_DIME_OUT";
    .port_info 15 /OUTPUT 1 "USE_EXACT";
v0x63c05cfe86d0_0 .net "CANS", 7 0, v0x63c05cfea730_0;  1 drivers
v0x63c05cfe87d0_0 .net "CLK", 0 0, v0x63c05cfea810_0;  1 drivers
v0x63c05cfe8890_0 .net "DIMES", 7 0, v0x63c05cfea8b0_0;  1 drivers
v0x63c05cfe8950_0 .net "DIME_IN", 0 0, v0x63c05cfea950_0;  1 drivers
v0x63c05cfe8a10_0 .var "DIME_OUT", 0 0;
v0x63c05cfe8b20_0 .var "DISPENSE", 0 0;
v0x63c05cfe8be0_0 .var "EMPTY", 0 0;
v0x63c05cfe8ca0_0 .net "LOAD_CANS", 0 0, v0x63c05cfeac30_0;  1 drivers
v0x63c05cfe8d60_0 .net "LOAD_COINS", 0 0, v0x63c05cfead00_0;  1 drivers
v0x63c05cfe8e20_0 .net "NICKELS", 7 0, v0x63c05cfeae60_0;  1 drivers
v0x63c05cfe8f00_0 .net "NICKEL_IN", 0 0, v0x63c05cfeaf30_0;  1 drivers
v0x63c05cfe8fc0_0 .var "NICKEL_OUT", 0 0;
v0x63c05cfe9080_0 .net "QUARTER_IN", 0 0, v0x63c05cfeb0d0_0;  1 drivers
v0x63c05cfe9140_0 .net "RST", 0 0, v0x63c05cfeb1a0_0;  1 drivers
v0x63c05cfe9200_0 .var "TWO_DIME_OUT", 0 0;
v0x63c05cfe92c0_0 .var "USE_EXACT", 0 0;
v0x63c05cfe9380_0 .var/i "count_cans", 31 0;
v0x63c05cfe9460_0 .var/i "count_deposit", 31 0;
v0x63c05cfe9540_0 .var/i "count_dimes", 31 0;
v0x63c05cfe9620_0 .var/i "count_nickels", 31 0;
E_0x63c05cf90d60 .event posedge, v0x63c05cfe87d0_0;
S_0x63c05cfe6ec0 .scope task, "add_cans" "add_cans" 3 49, 3 49 0, S_0x63c05cfe6b10;
 .timescale -9 -9;
TD_test.dkm_inst.add_cans ;
    %load/vec4 v0x63c05cfe9380_0;
    %load/vec4 v0x63c05cfe86d0_0;
    %pad/u 32;
    %add;
    %assign/vec4 v0x63c05cfe9380_0, 0;
    %pushi/vec4 0, 0, 1;
    %assign/vec4 v0x63c05cfe8be0_0, 0;
    %end;
S_0x63c05cfe70c0 .scope task, "add_coins" "add_coins" 3 36, 3 36 0, S_0x63c05cfe6b10;
 .timescale -9 -9;
v0x63c05cf7f440_0 .var/i "temp_count_dimes", 31 0;
v0x63c05cf50ba0_0 .var/i "temp_count_nickels", 31 0;
TD_test.dkm_inst.add_coins ;
    %load/vec4 v0x63c05cfe9620_0;
    %load/vec4 v0x63c05cfe8e20_0;
    %pad/u 32;
    %add;
    %store/vec4 v0x63c05cf50ba0_0, 0, 32;
    %load/vec4 v0x63c05cfe9540_0;
    %load/vec4 v0x63c05cfe8890_0;
    %pad/u 32;
    %add;
    %store/vec4 v0x63c05cf7f440_0, 0, 32;
    %load/vec4 v0x63c05cf50ba0_0;
    %store/vec4 v0x63c05cf50350_0, 0, 32;
    %load/vec4 v0x63c05cf7f440_0;
    %store/vec4 v0x63c05cf7e710_0, 0, 32;
    %fork TD_test.dkm_inst.check_exact, S_0x63c05cfe7340;
    %join;
    %load/vec4 v0x63c05cf50ba0_0;
    %assign/vec4 v0x63c05cfe9620_0, 0;
    %load/vec4 v0x63c05cf7f440_0;
    %assign/vec4 v0x63c05cfe9540_0, 0;
    %end;
S_0x63c05cfe7340 .scope task, "check_exact" "check_exact" 3 29, 3 29 0, S_0x63c05cfe6b10;
 .timescale -9 -9;
v0x63c05cf7e710_0 .var/i "temp_count_dimes", 31 0;
v0x63c05cf50350_0 .var/i "temp_count_nickels", 31 0;
TD_test.dkm_inst.check_exact ;
    %load/vec4 v0x63c05cf50350_0;
    %cmpi/s 1, 0, 32;
    %flag_get/vec4 5;
    %load/vec4 v0x63c05cf7e710_0;
    %cmpi/s 2, 0, 32;
    %flag_get/vec4 5;
    %or;
    %assign/vec4 v0x63c05cfe92c0_0, 0;
    %end;
S_0x63c05cfe75a0 .scope task, "dispense_can" "dispense_can" 3 57, 3 57 0, S_0x63c05cfe6b10;
 .timescale -9 -9;
TD_test.dkm_inst.dispense_can ;
    %pushi/vec4 1, 0, 1;
    %assign/vec4 v0x63c05cfe8b20_0, 0;
    %load/vec4 v0x63c05cfe9380_0;
    %pushi/vec4 1, 0, 32;
    %cmp/e;
    %flag_get/vec4 4;
    %assign/vec4 v0x63c05cfe8be0_0, 0;
    %load/vec4 v0x63c05cfe9380_0;
    %subi 1, 0, 32;
    %assign/vec4 v0x63c05cfe9380_0, 0;
    %pushi/vec4 0, 0, 32;
    %assign/vec4 v0x63c05cfe9460_0, 0;
    %end;
S_0x63c05cfe7780 .scope task, "issue_dimes" "issue_dimes" 3 78, 3 78 0, S_0x63c05cfe6b10;
 .timescale -9 -9;
v0x63c05cfe79b0_0 .var/i "count", 31 0;
v0x63c05cfe7ab0_0 .var/i "temp_count_dimes", 31 0;
TD_test.dkm_inst.issue_dimes ;
    %load/vec4 v0x63c05cfe9540_0;
    %load/vec4 v0x63c05cfe79b0_0;
    %sub;
    %store/vec4 v0x63c05cfe7ab0_0, 0, 32;
    %load/vec4 v0x63c05cfe9620_0;
    %store/vec4 v0x63c05cf50350_0, 0, 32;
    %load/vec4 v0x63c05cfe7ab0_0;
    %store/vec4 v0x63c05cf7e710_0, 0, 32;
    %fork TD_test.dkm_inst.check_exact, S_0x63c05cfe7340;
    %join;
    %load/vec4 v0x63c05cfe7ab0_0;
    %assign/vec4 v0x63c05cfe9540_0, 0;
    %load/vec4 v0x63c05cfe79b0_0;
    %cmpi/e 1, 0, 32;
    %jmp/0xz  T_6.0, 4;
    %pushi/vec4 1, 0, 1;
    %assign/vec4 v0x63c05cfe8a10_0, 0;
    %jmp T_6.1;
T_6.0 ;
    %pushi/vec4 1, 0, 1;
    %assign/vec4 v0x63c05cfe9200_0, 0;
T_6.1 ;
    %end;
S_0x63c05cfe7b90 .scope task, "issue_nickels" "issue_nickels" 3 66, 3 66 0, S_0x63c05cfe6b10;
 .timescale -9 -9;
v0x63c05cfe7d70_0 .var/i "count", 31 0;
v0x63c05cfe7e70_0 .var/i "temp_count_nickels", 31 0;
TD_test.dkm_inst.issue_nickels ;
    %load/vec4 v0x63c05cfe9620_0;
    %load/vec4 v0x63c05cfe7d70_0;
    %sub;
    %store/vec4 v0x63c05cfe7e70_0, 0, 32;
    %load/vec4 v0x63c05cfe7e70_0;
    %store/vec4 v0x63c05cf50350_0, 0, 32;
    %load/vec4 v0x63c05cfe9540_0;
    %store/vec4 v0x63c05cf7e710_0, 0, 32;
    %fork TD_test.dkm_inst.check_exact, S_0x63c05cfe7340;
    %join;
    %load/vec4 v0x63c05cfe7e70_0;
    %assign/vec4 v0x63c05cfe9620_0, 0;
    %pushi/vec4 1, 0, 1;
    %assign/vec4 v0x63c05cfe8fc0_0, 0;
    %end;
S_0x63c05cfe7f50 .scope task, "make_change" "make_change" 3 90, 3 90 0, S_0x63c05cfe6b10;
 .timescale -9 -9;
v0x63c05cfe8130_0 .var/i "change_back", 31 0;
v0x63c05cfe8230_0 .var/i "temp_count_deposit", 31 0;
TD_test.dkm_inst.make_change ;
    %load/vec4 v0x63c05cfe8230_0;
    %subi 50, 0, 32;
    %store/vec4 v0x63c05cfe8130_0, 0, 32;
    %load/vec4 v0x63c05cfe8130_0;
    %dup/vec4;
    %pushi/vec4 5, 0, 32;
    %cmp/u;
    %jmp/1 T_8.2, 6;
    %dup/vec4;
    %pushi/vec4 10, 0, 32;
    %cmp/u;
    %jmp/1 T_8.3, 6;
    %dup/vec4;
    %pushi/vec4 15, 0, 32;
    %cmp/u;
    %jmp/1 T_8.4, 6;
    %dup/vec4;
    %pushi/vec4 20, 0, 32;
    %cmp/u;
    %jmp/1 T_8.5, 6;
    %jmp T_8.6;
T_8.2 ;
    %load/vec4 v0x63c05cfe9620_0;
    %cmpi/s 1, 0, 32;
    %flag_inv 5; GE is !LT
    %jmp/0xz  T_8.7, 5;
    %pushi/vec4 1, 0, 32;
    %store/vec4 v0x63c05cfe7d70_0, 0, 32;
    %fork TD_test.dkm_inst.issue_nickels, S_0x63c05cfe7b90;
    %join;
T_8.7 ;
    %jmp T_8.6;
T_8.3 ;
    %load/vec4 v0x63c05cfe9540_0;
    %cmpi/s 1, 0, 32;
    %flag_inv 5; GE is !LT
    %jmp/0xz  T_8.9, 5;
    %pushi/vec4 1, 0, 32;
    %store/vec4 v0x63c05cfe79b0_0, 0, 32;
    %fork TD_test.dkm_inst.issue_dimes, S_0x63c05cfe7780;
    %join;
    %jmp T_8.10;
T_8.9 ;
    %load/vec4 v0x63c05cfe9620_0;
    %cmpi/s 1, 0, 32;
    %flag_inv 5; GE is !LT
    %jmp/0xz  T_8.11, 5;
    %pushi/vec4 1, 0, 32;
    %store/vec4 v0x63c05cfe7d70_0, 0, 32;
    %fork TD_test.dkm_inst.issue_nickels, S_0x63c05cfe7b90;
    %join;
T_8.11 ;
T_8.10 ;
    %jmp T_8.6;
T_8.4 ;
    %load/vec4 v0x63c05cfe9540_0;
    %cmpi/s 1, 0, 32;
    %flag_inv 5; GE is !LT
    %jmp/0xz  T_8.13, 5;
    %pushi/vec4 1, 0, 32;
    %store/vec4 v0x63c05cfe79b0_0, 0, 32;
    %fork TD_test.dkm_inst.issue_dimes, S_0x63c05cfe7780;
    %join;
    %load/vec4 v0x63c05cfe9620_0;
    %cmpi/s 1, 0, 32;
    %flag_inv 5; GE is !LT
    %jmp/0xz  T_8.15, 5;
    %pushi/vec4 1, 0, 32;
    %store/vec4 v0x63c05cfe7d70_0, 0, 32;
    %fork TD_test.dkm_inst.issue_nickels, S_0x63c05cfe7b90;
    %join;
T_8.15 ;
    %jmp T_8.14;
T_8.13 ;
    %load/vec4 v0x63c05cfe9620_0;
    %cmpi/s 1, 0, 32;
    %flag_inv 5; GE is !LT
    %jmp/0xz  T_8.17, 5;
    %pushi/vec4 1, 0, 32;
    %store/vec4 v0x63c05cfe7d70_0, 0, 32;
    %fork TD_test.dkm_inst.issue_nickels, S_0x63c05cfe7b90;
    %join;
T_8.17 ;
T_8.14 ;
    %jmp T_8.6;
T_8.5 ;
    %load/vec4 v0x63c05cfe9540_0;
    %cmpi/s 2, 0, 32;
    %flag_inv 5; GE is !LT
    %jmp/0xz  T_8.19, 5;
    %pushi/vec4 2, 0, 32;
    %store/vec4 v0x63c05cfe79b0_0, 0, 32;
    %fork TD_test.dkm_inst.issue_dimes, S_0x63c05cfe7780;
    %join;
    %jmp T_8.20;
T_8.19 ;
    %load/vec4 v0x63c05cfe9540_0;
    %cmpi/s 1, 0, 32;
    %flag_inv 5; GE is !LT
    %jmp/0xz  T_8.21, 5;
    %pushi/vec4 1, 0, 32;
    %store/vec4 v0x63c05cfe79b0_0, 0, 32;
    %fork TD_test.dkm_inst.issue_dimes, S_0x63c05cfe7780;
    %join;
    %load/vec4 v0x63c05cfe9620_0;
    %cmpi/s 1, 0, 32;
    %flag_inv 5; GE is !LT
    %jmp/0xz  T_8.23, 5;
    %pushi/vec4 1, 0, 32;
    %store/vec4 v0x63c05cfe7d70_0, 0, 32;
    %fork TD_test.dkm_inst.issue_nickels, S_0x63c05cfe7b90;
    %join;
T_8.23 ;
    %jmp T_8.22;
T_8.21 ;
    %load/vec4 v0x63c05cfe9620_0;
    %cmpi/s 1, 0, 32;
    %flag_inv 5; GE is !LT
    %jmp/0xz  T_8.25, 5;
    %pushi/vec4 1, 0, 32;
    %store/vec4 v0x63c05cfe7d70_0, 0, 32;
    %fork TD_test.dkm_inst.issue_nickels, S_0x63c05cfe7b90;
    %join;
T_8.25 ;
T_8.22 ;
T_8.20 ;
    %jmp T_8.6;
T_8.6 ;
    %pop/vec4 1;
    %end;
S_0x63c05cfe8310 .scope task, "transact" "transact" 3 126, 3 126 0, S_0x63c05cfe6b10;
 .timescale -9 -9;
v0x63c05cfe84f0_0 .var/i "temp_count_deposit", 31 0;
v0x63c05cfe85f0_0 .var/i "value", 31 0;
TD_test.dkm_inst.transact ;
    %load/vec4 v0x63c05cfe9460_0;
    %load/vec4 v0x63c05cfe85f0_0;
    %add;
    %store/vec4 v0x63c05cfe84f0_0, 0, 32;
    %load/vec4 v0x63c05cfe84f0_0;
    %cmpi/s 50, 0, 32;
    %jmp/0xz  T_9.27, 5;
    %load/vec4 v0x63c05cfe84f0_0;
    %assign/vec4 v0x63c05cfe9460_0, 0;
    %jmp T_9.28;
T_9.27 ;
    %load/vec4 v0x63c05cfe8be0_0;
    %nor/r;
    %flag_set/vec4 8;
    %jmp/0xz  T_9.29, 8;
    %fork TD_test.dkm_inst.dispense_can, S_0x63c05cfe75a0;
    %join;
    %load/vec4 v0x63c05cfe84f0_0;
    %store/vec4 v0x63c05cfe8230_0, 0, 32;
    %fork TD_test.dkm_inst.make_change, S_0x63c05cfe7f50;
    %join;
T_9.29 ;
T_9.28 ;
    %end;
S_0x63c05cfe9900 .scope task, "expect" "expect" 2 111, 2 111 0, S_0x63c05cf9aea0;
 .timescale -9 -10;
v0x63c05cfe9ae0_0 .var "expect_dime_out", 0 0;
v0x63c05cfe9bc0_0 .var "expect_dispense", 0 0;
v0x63c05cfe9c80_0 .var "expect_empty", 0 0;
v0x63c05cfe9d20_0 .var "expect_nickel_out", 0 0;
v0x63c05cfe9de0_0 .var "expect_two_dime_out", 0 0;
v0x63c05cfe9ef0_0 .var "expect_use_exact", 0 0;
TD_test.expect ;
    %load/vec4 v0x63c05cfeab60_0;
    %load/vec4 v0x63c05cfe9c80_0;
    %cmp/ne;
    %flag_mov 8, 6;
    %load/vec4 v0x63c05cfeaa90_0;
    %load/vec4 v0x63c05cfe9bc0_0;
    %cmp/ne;
    %flag_or 6, 8;
    %flag_mov 8, 6;
    %load/vec4 v0x63c05cfeb000_0;
    %load/vec4 v0x63c05cfe9d20_0;
    %cmp/ne;
    %flag_or 6, 8;
    %flag_mov 8, 6;
    %load/vec4 v0x63c05cfea9f0_0;
    %load/vec4 v0x63c05cfe9ae0_0;
    %cmp/ne;
    %flag_or 6, 8;
    %flag_mov 8, 6;
    %load/vec4 v0x63c05cfeb270_0;
    %load/vec4 v0x63c05cfe9de0_0;
    %cmp/ne;
    %flag_or 6, 8;
    %flag_mov 8, 6;
    %load/vec4 v0x63c05cfeb340_0;
    %load/vec4 v0x63c05cfe9ef0_0;
    %cmp/ne;
    %flag_or 6, 8;
    %jmp/0xz  T_10.31, 6;
    %vpi_call 2 126 "$display", "ERROR: expected EMPTY=%b, DISPENSE=%b, NICKEL_OUT=%b, DIME_OUT=%b, TWO_DIME_OUT=%b, USE_EXACT=%b", v0x63c05cfe9c80_0, v0x63c05cfe9bc0_0, v0x63c05cfe9d20_0, v0x63c05cfe9ae0_0, v0x63c05cfe9de0_0, v0x63c05cfe9ef0_0 {0 0 0};
    %vpi_call 2 128 "$finish" {0 0 0};
T_10.31 ;
    %end;
S_0x63c05cfe9fb0 .scope task, "insert_dime" "insert_dime" 2 93, 2 93 0, S_0x63c05cf9aea0;
 .timescale -9 -10;
TD_test.insert_dime ;
    %wait E_0x63c05cf8e730;
    %pushi/vec4 1, 0, 1;
    %assign/vec4 v0x63c05cfea950_0, 0;
    %wait E_0x63c05cf8e730;
    %pushi/vec4 0, 0, 1;
    %assign/vec4 v0x63c05cfea950_0, 0;
    %end;
S_0x63c05cfea190 .scope task, "insert_nickel" "insert_nickel" 2 84, 2 84 0, S_0x63c05cf9aea0;
 .timescale -9 -10;
TD_test.insert_nickel ;
    %wait E_0x63c05cf8e730;
    %pushi/vec4 1, 0, 1;
    %assign/vec4 v0x63c05cfeaf30_0, 0;
    %wait E_0x63c05cf8e730;
    %pushi/vec4 0, 0, 1;
    %assign/vec4 v0x63c05cfeaf30_0, 0;
    %end;
S_0x63c05cfea370 .scope task, "insert_quarter" "insert_quarter" 2 102, 2 102 0, S_0x63c05cf9aea0;
 .timescale -9 -10;
TD_test.insert_quarter ;
    %wait E_0x63c05cf8e730;
    %pushi/vec4 1, 0, 1;
    %assign/vec4 v0x63c05cfeb0d0_0, 0;
    %wait E_0x63c05cf8e730;
    %pushi/vec4 0, 0, 1;
    %assign/vec4 v0x63c05cfeb0d0_0, 0;
    %end;
S_0x63c05cfea550 .scope task, "reset" "reset" 2 46, 2 46 0, S_0x63c05cf9aea0;
 .timescale -9 -10;
TD_test.reset ;
    %wait E_0x63c05cf8e730;
    %pushi/vec4 1, 0, 1;
    %assign/vec4 v0x63c05cfeb1a0_0, 0;
    %pushi/vec4 0, 0, 1;
    %assign/vec4 v0x63c05cfead00_0, 0;
    %pushi/vec4 0, 0, 1;
    %assign/vec4 v0x63c05cfeac30_0, 0;
    %pushi/vec4 0, 0, 1;
    %assign/vec4 v0x63c05cfeaf30_0, 0;
    %pushi/vec4 0, 0, 1;
    %assign/vec4 v0x63c05cfea950_0, 0;
    %pushi/vec4 0, 0, 1;
    %assign/vec4 v0x63c05cfeb0d0_0, 0;
    %wait E_0x63c05cf8e730;
    %pushi/vec4 0, 0, 1;
    %assign/vec4 v0x63c05cfeb1a0_0, 0;
    %end;
    .scope S_0x63c05cfe6b10;
T_15 ;
    %wait E_0x63c05cf90d60;
    %load/vec4 v0x63c05cfe9140_0;
    %flag_set/vec4 8;
    %jmp/0xz  T_15.0, 8;
    %pushi/vec4 0, 0, 32;
    %assign/vec4 v0x63c05cfe9380_0, 0;
    %pushi/vec4 0, 0, 32;
    %assign/vec4 v0x63c05cfe9620_0, 0;
    %pushi/vec4 0, 0, 32;
    %assign/vec4 v0x63c05cfe9540_0, 0;
    %pushi/vec4 0, 0, 32;
    %assign/vec4 v0x63c05cfe9460_0, 0;
    %pushi/vec4 1, 0, 1;
    %assign/vec4 v0x63c05cfe8be0_0, 0;
    %pushi/vec4 0, 0, 1;
    %assign/vec4 v0x63c05cfe8b20_0, 0;
    %pushi/vec4 0, 0, 1;
    %assign/vec4 v0x63c05cfe8fc0_0, 0;
    %pushi/vec4 0, 0, 1;
    %assign/vec4 v0x63c05cfe8a10_0, 0;
    %pushi/vec4 0, 0, 1;
    %assign/vec4 v0x63c05cfe9200_0, 0;
    %pushi/vec4 1, 0, 1;
    %assign/vec4 v0x63c05cfe92c0_0, 0;
    %jmp T_15.1;
T_15.0 ;
    %pushi/vec4 0, 0, 1;
    %assign/vec4 v0x63c05cfe8b20_0, 0;
    %pushi/vec4 0, 0, 1;
    %assign/vec4 v0x63c05cfe8fc0_0, 0;
    %pushi/vec4 0, 0, 1;
    %assign/vec4 v0x63c05cfe8a10_0, 0;
    %pushi/vec4 0, 0, 1;
    %assign/vec4 v0x63c05cfe9200_0, 0;
    %pushi/vec4 1, 0, 32;
    %dup/vec4;
    %load/vec4 v0x63c05cfe8d60_0;
    %pad/u 32;
    %cmp/u;
    %jmp/1 T_15.2, 6;
    %dup/vec4;
    %load/vec4 v0x63c05cfe8ca0_0;
    %pad/u 32;
    %cmp/u;
    %jmp/1 T_15.3, 6;
    %dup/vec4;
    %load/vec4 v0x63c05cfe8f00_0;
    %pad/u 32;
    %cmp/u;
    %jmp/1 T_15.4, 6;
    %dup/vec4;
    %load/vec4 v0x63c05cfe8950_0;
    %pad/u 32;
    %cmp/u;
    %jmp/1 T_15.5, 6;
    %dup/vec4;
    %load/vec4 v0x63c05cfe9080_0;
    %pad/u 32;
    %cmp/u;
    %jmp/1 T_15.6, 6;
    %jmp T_15.7;
T_15.2 ;
    %fork TD_test.dkm_inst.add_coins, S_0x63c05cfe70c0;
    %join;
    %jmp T_15.7;
T_15.3 ;
    %fork TD_test.dkm_inst.add_cans, S_0x63c05cfe6ec0;
    %join;
    %jmp T_15.7;
T_15.4 ;
    %pushi/vec4 5, 0, 32;
    %store/vec4 v0x63c05cfe85f0_0, 0, 32;
    %fork TD_test.dkm_inst.transact, S_0x63c05cfe8310;
    %join;
    %jmp T_15.7;
T_15.5 ;
    %pushi/vec4 10, 0, 32;
    %store/vec4 v0x63c05cfe85f0_0, 0, 32;
    %fork TD_test.dkm_inst.transact, S_0x63c05cfe8310;
    %join;
    %jmp T_15.7;
T_15.6 ;
    %pushi/vec4 25, 0, 32;
    %store/vec4 v0x63c05cfe85f0_0, 0, 32;
    %fork TD_test.dkm_inst.transact, S_0x63c05cfe8310;
    %join;
    %jmp T_15.7;
T_15.7 ;
    %pop/vec4 1;
T_15.1 ;
    %jmp T_15;
    .thread T_15;
    .scope S_0x63c05cf9aea0;
T_16 ;
    %pushi/vec4 62, 0, 32;
T_16.0 %dup/vec4;
    %pushi/vec4 0, 0, 32;
    %cmp/s;
    %jmp/1xz T_16.1, 5;
    %jmp/1 T_16.1, 4;
    %pushi/vec4 1, 0, 32;
    %sub;
    %pushi/vec4 1, 0, 1;
    %store/vec4 v0x63c05cfea810_0, 0, 1;
    %delay 5, 0;
    %pushi/vec4 0, 0, 1;
    %store/vec4 v0x63c05cfea810_0, 0, 1;
    %delay 5, 0;
    %jmp T_16.0;
T_16.1 ;
    %pop/vec4 1;
    %end;
    .thread T_16;
    .scope S_0x63c05cf9aea0;
T_17 ;
    %fork t_1, S_0x63c05cf4ecf0;
    %jmp t_0;
    .scope S_0x63c05cf4ecf0;
t_1 ;
    %vpi_call 2 138 "$timeformat", 32'sb11111111111111111111111111110111, 32'sb00000000000000000000000000000001, " ns", 32'sb00000000000000000000000000000001 {0 0 0};
    %vpi_call 2 139 "$display", "CANS 1 ;  COINS 0,0 ;  INSERT 0,0,2" {0 0 0};
    %vpi_call 2 140 "$display", "Starting time: %t", $realtime {0 0 0};
    %fork TD_test.reset, S_0x63c05cfea550;
    %join;
    %pushi/vec4 1, 0, 1;
    %store/vec4 v0x63c05cfe9c80_0, 0, 1;
    %pushi/vec4 0, 0, 1;
    %store/vec4 v0x63c05cfe9bc0_0, 0, 1;
    %pushi/vec4 0, 0, 1;
    %store/vec4 v0x63c05cfe9d20_0, 0, 1;
    %pushi/vec4 0, 0, 1;
    %store/vec4 v0x63c05cfe9ae0_0, 0, 1;
    %pushi/vec4 0, 0, 1;
    %store/vec4 v0x63c05cfe9de0_0, 0, 1;
    %pushi/vec4 1, 0, 1;
    %store/vec4 v0x63c05cfe9ef0_0, 0, 1;
    %fork TD_test.expect, S_0x63c05cfe9900;
    %join;
    %pushi/vec4 1, 0, 32;
    %store/vec4 v0x63c05cf7fed0_0, 0, 32;
    %fork TD_test.add_cans, S_0x63c05cf4eed0;
    %join;
    %pushi/vec4 0, 0, 1;
    %store/vec4 v0x63c05cfe9c80_0, 0, 1;
    %pushi/vec4 0, 0, 1;
    %store/vec4 v0x63c05cfe9bc0_0, 0, 1;
    %pushi/vec4 0, 0, 1;
    %store/vec4 v0x63c05cfe9d20_0, 0, 1;
    %pushi/vec4 0, 0, 1;
    %store/vec4 v0x63c05cfe9ae0_0, 0, 1;
    %pushi/vec4 0, 0, 1;
    %store/vec4 v0x63c05cfe9de0_0, 0, 1;
    %pushi/vec4 1, 0, 1;
    %store/vec4 v0x63c05cfe9ef0_0, 0, 1;
    %fork TD_test.expect, S_0x63c05cfe9900;
    %join;
    %fork TD_test.insert_quarter, S_0x63c05cfea370;
    %join;
    %pushi/vec4 0, 0, 1;
    %store/vec4 v0x63c05cfe9c80_0, 0, 1;
    %pushi/vec4 0, 0, 1;
    %store/vec4 v0x63c05cfe9bc0_0, 0, 1;
    %pushi/vec4 0, 0, 1;
    %store/vec4 v0x63c05cfe9d20_0, 0, 1;
    %pushi/vec4 0, 0, 1;
    %store/vec4 v0x63c05cfe9ae0_0, 0, 1;
    %pushi/vec4 0, 0, 1;
    %store/vec4 v0x63c05cfe9de0_0, 0, 1;
    %pushi/vec4 1, 0, 1;
    %store/vec4 v0x63c05cfe9ef0_0, 0, 1;
    %fork TD_test.expect, S_0x63c05cfe9900;
    %join;
    %fork TD_test.insert_quarter, S_0x63c05cfea370;
    %join;
    %pushi/vec4 1, 0, 1;
    %store/vec4 v0x63c05cfe9c80_0, 0, 1;
    %pushi/vec4 1, 0, 1;
    %store/vec4 v0x63c05cfe9bc0_0, 0, 1;
    %pushi/vec4 0, 0, 1;
    %store/vec4 v0x63c05cfe9d20_0, 0, 1;
    %pushi/vec4 0, 0, 1;
    %store/vec4 v0x63c05cfe9ae0_0, 0, 1;
    %pushi/vec4 0, 0, 1;
    %store/vec4 v0x63c05cfe9de0_0, 0, 1;
    %pushi/vec4 1, 0, 1;
    %store/vec4 v0x63c05cfe9ef0_0, 0, 1;
    %fork TD_test.expect, S_0x63c05cfe9900;
    %join;
    %vpi_call 2 145 "$display", "CANS 1 ;  COINS 1,2 ;  INSERT 0,3,1" {0 0 0};
    %fork TD_test.reset, S_0x63c05cfea550;
    %join;
    %pushi/vec4 1, 0, 1;
    %store/vec4 v0x63c05cfe9c80_0, 0, 1;
    %pushi/vec4 0, 0, 1;
    %store/vec4 v0x63c05cfe9bc0_0, 0, 1;
    %pushi/vec4 0, 0, 1;
    %store/vec4 v0x63c05cfe9d20_0, 0, 1;
    %pushi/vec4 0, 0, 1;
    %store/vec4 v0x63c05cfe9ae0_0, 0, 1;
    %pushi/vec4 0, 0, 1;
    %store/vec4 v0x63c05cfe9de0_0, 0, 1;
    %pushi/vec4 1, 0, 1;
    %store/vec4 v0x63c05cfe9ef0_0, 0, 1;
    %fork TD_test.expect, S_0x63c05cfe9900;
    %join;
    %pushi/vec4 1, 0, 32;
    %store/vec4 v0x63c05cf7fed0_0, 0, 32;
    %fork TD_test.add_cans, S_0x63c05cf4eed0;
    %join;
    %pushi/vec4 0, 0, 1;
    %store/vec4 v0x63c05cfe9c80_0, 0, 1;
    %pushi/vec4 0, 0, 1;
    %store/vec4 v0x63c05cfe9bc0_0, 0, 1;
    %pushi/vec4 0, 0, 1;
    %store/vec4 v0x63c05cfe9d20_0, 0, 1;
    %pushi/vec4 0, 0, 1;
    %store/vec4 v0x63c05cfe9ae0_0, 0, 1;
    %pushi/vec4 0, 0, 1;
    %store/vec4 v0x63c05cfe9de0_0, 0, 1;
    %pushi/vec4 1, 0, 1;
    %store/vec4 v0x63c05cfe9ef0_0, 0, 1;
    %fork TD_test.expect, S_0x63c05cfe9900;
    %join;
    %pushi/vec4 1, 0, 32;
    %store/vec4 v0x63c05cf7f3a0_0, 0, 32;
    %pushi/vec4 2, 0, 32;
    %store/vec4 v0x63c05cf80230_0, 0, 32;
    %fork TD_test.add_coins, S_0x63c05cfe68b0;
    %join;
    %pushi/vec4 0, 0, 1;
    %store/vec4 v0x63c05cfe9c80_0, 0, 1;
    %pushi/vec4 0, 0, 1;
    %store/vec4 v0x63c05cfe9bc0_0, 0, 1;
    %pushi/vec4 0, 0, 1;
    %store/vec4 v0x63c05cfe9d20_0, 0, 1;
    %pushi/vec4 0, 0, 1;
    %store/vec4 v0x63c05cfe9ae0_0, 0, 1;
    %pushi/vec4 0, 0, 1;
    %store/vec4 v0x63c05cfe9de0_0, 0, 1;
    %pushi/vec4 0, 0, 1;
    %store/vec4 v0x63c05cfe9ef0_0, 0, 1;
    %fork TD_test.expect, S_0x63c05cfe9900;
    %join;
    %fork TD_test.insert_dime, S_0x63c05cfe9fb0;
    %join;
    %pushi/vec4 0, 0, 1;
    %store/vec4 v0x63c05cfe9c80_0, 0, 1;
    %pushi/vec4 0, 0, 1;
    %store/vec4 v0x63c05cfe9bc0_0, 0, 1;
    %pushi/vec4 0, 0, 1;
    %store/vec4 v0x63c05cfe9d20_0, 0, 1;
    %pushi/vec4 0, 0, 1;
    %store/vec4 v0x63c05cfe9ae0_0, 0, 1;
    %pushi/vec4 0, 0, 1;
    %store/vec4 v0x63c05cfe9de0_0, 0, 1;
    %pushi/vec4 0, 0, 1;
    %store/vec4 v0x63c05cfe9ef0_0, 0, 1;
    %fork TD_test.expect, S_0x63c05cfe9900;
    %join;
    %fork TD_test.insert_dime, S_0x63c05cfe9fb0;
    %join;
    %pushi/vec4 0, 0, 1;
    %store/vec4 v0x63c05cfe9c80_0, 0, 1;
    %pushi/vec4 0, 0, 1;
    %store/vec4 v0x63c05cfe9bc0_0, 0, 1;
    %pushi/vec4 0, 0, 1;
    %store/vec4 v0x63c05cfe9d20_0, 0, 1;
    %pushi/vec4 0, 0, 1;
    %store/vec4 v0x63c05cfe9ae0_0, 0, 1;
    %pushi/vec4 0, 0, 1;
    %store/vec4 v0x63c05cfe9de0_0, 0, 1;
    %pushi/vec4 0, 0, 1;
    %store/vec4 v0x63c05cfe9ef0_0, 0, 1;
    %fork TD_test.expect, S_0x63c05cfe9900;
    %join;
    %fork TD_test.insert_dime, S_0x63c05cfe9fb0;
    %join;
    %pushi/vec4 0, 0, 1;
    %store/vec4 v0x63c05cfe9c80_0, 0, 1;
    %pushi/vec4 0, 0, 1;
    %store/vec4 v0x63c05cfe9bc0_0, 0, 1;
    %pushi/vec4 0, 0, 1;
    %store/vec4 v0x63c05cfe9d20_0, 0, 1;
    %pushi/vec4 0, 0, 1;
    %store/vec4 v0x63c05cfe9ae0_0, 0, 1;
    %pushi/vec4 0, 0, 1;
    %store/vec4 v0x63c05cfe9de0_0, 0, 1;
    %pushi/vec4 0, 0, 1;
    %store/vec4 v0x63c05cfe9ef0_0, 0, 1;
    %fork TD_test.expect, S_0x63c05cfe9900;
    %join;
    %fork TD_test.insert_quarter, S_0x63c05cfea370;
    %join;
    %pushi/vec4 1, 0, 1;
    %store/vec4 v0x63c05cfe9c80_0, 0, 1;
    %pushi/vec4 1, 0, 1;
    %store/vec4 v0x63c05cfe9bc0_0, 0, 1;
    %pushi/vec4 1, 0, 1;
    %store/vec4 v0x63c05cfe9d20_0, 0, 1;
    %pushi/vec4 0, 0, 1;
    %store/vec4 v0x63c05cfe9ae0_0, 0, 1;
    %pushi/vec4 0, 0, 1;
    %store/vec4 v0x63c05cfe9de0_0, 0, 1;
    %pushi/vec4 1, 0, 1;
    %store/vec4 v0x63c05cfe9ef0_0, 0, 1;
    %fork TD_test.expect, S_0x63c05cfe9900;
    %join;
    %vpi_call 2 153 "$display", "CANS 1 ;  COINS 1,2 ;  INSERT 0,1,2" {0 0 0};
    %fork TD_test.reset, S_0x63c05cfea550;
    %join;
    %pushi/vec4 1, 0, 1;
    %store/vec4 v0x63c05cfe9c80_0, 0, 1;
    %pushi/vec4 0, 0, 1;
    %store/vec4 v0x63c05cfe9bc0_0, 0, 1;
    %pushi/vec4 0, 0, 1;
    %store/vec4 v0x63c05cfe9d20_0, 0, 1;
    %pushi/vec4 0, 0, 1;
    %store/vec4 v0x63c05cfe9ae0_0, 0, 1;
    %pushi/vec4 0, 0, 1;
    %store/vec4 v0x63c05cfe9de0_0, 0, 1;
    %pushi/vec4 1, 0, 1;
    %store/vec4 v0x63c05cfe9ef0_0, 0, 1;
    %fork TD_test.expect, S_0x63c05cfe9900;
    %join;
    %pushi/vec4 1, 0, 32;
    %store/vec4 v0x63c05cf7fed0_0, 0, 32;
    %fork TD_test.add_cans, S_0x63c05cf4eed0;
    %join;
    %pushi/vec4 0, 0, 1;
    %store/vec4 v0x63c05cfe9c80_0, 0, 1;
    %pushi/vec4 0, 0, 1;
    %store/vec4 v0x63c05cfe9bc0_0, 0, 1;
    %pushi/vec4 0, 0, 1;
    %store/vec4 v0x63c05cfe9d20_0, 0, 1;
    %pushi/vec4 0, 0, 1;
    %store/vec4 v0x63c05cfe9ae0_0, 0, 1;
    %pushi/vec4 0, 0, 1;
    %store/vec4 v0x63c05cfe9de0_0, 0, 1;
    %pushi/vec4 1, 0, 1;
    %store/vec4 v0x63c05cfe9ef0_0, 0, 1;
    %fork TD_test.expect, S_0x63c05cfe9900;
    %join;
    %pushi/vec4 1, 0, 32;
    %store/vec4 v0x63c05cf7f3a0_0, 0, 32;
    %pushi/vec4 2, 0, 32;
    %store/vec4 v0x63c05cf80230_0, 0, 32;
    %fork TD_test.add_coins, S_0x63c05cfe68b0;
    %join;
    %pushi/vec4 0, 0, 1;
    %store/vec4 v0x63c05cfe9c80_0, 0, 1;
    %pushi/vec4 0, 0, 1;
    %store/vec4 v0x63c05cfe9bc0_0, 0, 1;
    %pushi/vec4 0, 0, 1;
    %store/vec4 v0x63c05cfe9d20_0, 0, 1;
    %pushi/vec4 0, 0, 1;
    %store/vec4 v0x63c05cfe9ae0_0, 0, 1;
    %pushi/vec4 0, 0, 1;
    %store/vec4 v0x63c05cfe9de0_0, 0, 1;
    %pushi/vec4 0, 0, 1;
    %store/vec4 v0x63c05cfe9ef0_0, 0, 1;
    %fork TD_test.expect, S_0x63c05cfe9900;
    %join;
    %fork TD_test.insert_dime, S_0x63c05cfe9fb0;
    %join;
    %pushi/vec4 0, 0, 1;
    %store/vec4 v0x63c05cfe9c80_0, 0, 1;
    %pushi/vec4 0, 0, 1;
    %store/vec4 v0x63c05cfe9bc0_0, 0, 1;
    %pushi/vec4 0, 0, 1;
    %store/vec4 v0x63c05cfe9d20_0, 0, 1;
    %pushi/vec4 0, 0, 1;
    %store/vec4 v0x63c05cfe9ae0_0, 0, 1;
    %pushi/vec4 0, 0, 1;
    %store/vec4 v0x63c05cfe9de0_0, 0, 1;
    %pushi/vec4 0, 0, 1;
    %store/vec4 v0x63c05cfe9ef0_0, 0, 1;
    %fork TD_test.expect, S_0x63c05cfe9900;
    %join;
    %fork TD_test.insert_quarter, S_0x63c05cfea370;
    %join;
    %pushi/vec4 0, 0, 1;
    %store/vec4 v0x63c05cfe9c80_0, 0, 1;
    %pushi/vec4 0, 0, 1;
    %store/vec4 v0x63c05cfe9bc0_0, 0, 1;
    %pushi/vec4 0, 0, 1;
    %store/vec4 v0x63c05cfe9d20_0, 0, 1;
    %pushi/vec4 0, 0, 1;
    %store/vec4 v0x63c05cfe9ae0_0, 0, 1;
    %pushi/vec4 0, 0, 1;
    %store/vec4 v0x63c05cfe9de0_0, 0, 1;
    %pushi/vec4 0, 0, 1;
    %store/vec4 v0x63c05cfe9ef0_0, 0, 1;
    %fork TD_test.expect, S_0x63c05cfe9900;
    %join;
    %fork TD_test.insert_quarter, S_0x63c05cfea370;
    %join;
    %pushi/vec4 1, 0, 1;
    %store/vec4 v0x63c05cfe9c80_0, 0, 1;
    %pushi/vec4 1, 0, 1;
    %store/vec4 v0x63c05cfe9bc0_0, 0, 1;
    %pushi/vec4 0, 0, 1;
    %store/vec4 v0x63c05cfe9d20_0, 0, 1;
    %pushi/vec4 1, 0, 1;
    %store/vec4 v0x63c05cfe9ae0_0, 0, 1;
    %pushi/vec4 0, 0, 1;
    %store/vec4 v0x63c05cfe9de0_0, 0, 1;
    %pushi/vec4 1, 0, 1;
    %store/vec4 v0x63c05cfe9ef0_0, 0, 1;
    %fork TD_test.expect, S_0x63c05cfe9900;
    %join;
    %vpi_call 2 160 "$display", "CANS 1 ;  COINS 2,3 ;  INSERT 1,1,2" {0 0 0};
    %fork TD_test.reset, S_0x63c05cfea550;
    %join;
    %pushi/vec4 1, 0, 1;
    %store/vec4 v0x63c05cfe9c80_0, 0, 1;
    %pushi/vec4 0, 0, 1;
    %store/vec4 v0x63c05cfe9bc0_0, 0, 1;
    %pushi/vec4 0, 0, 1;
    %store/vec4 v0x63c05cfe9d20_0, 0, 1;
    %pushi/vec4 0, 0, 1;
    %store/vec4 v0x63c05cfe9ae0_0, 0, 1;
    %pushi/vec4 0, 0, 1;
    %store/vec4 v0x63c05cfe9de0_0, 0, 1;
    %pushi/vec4 1, 0, 1;
    %store/vec4 v0x63c05cfe9ef0_0, 0, 1;
    %fork TD_test.expect, S_0x63c05cfe9900;
    %join;
    %pushi/vec4 1, 0, 32;
    %store/vec4 v0x63c05cf7fed0_0, 0, 32;
    %fork TD_test.add_cans, S_0x63c05cf4eed0;
    %join;
    %pushi/vec4 0, 0, 1;
    %store/vec4 v0x63c05cfe9c80_0, 0, 1;
    %pushi/vec4 0, 0, 1;
    %store/vec4 v0x63c05cfe9bc0_0, 0, 1;
    %pushi/vec4 0, 0, 1;
    %store/vec4 v0x63c05cfe9d20_0, 0, 1;
    %pushi/vec4 0, 0, 1;
    %store/vec4 v0x63c05cfe9ae0_0, 0, 1;
    %pushi/vec4 0, 0, 1;
    %store/vec4 v0x63c05cfe9de0_0, 0, 1;
    %pushi/vec4 1, 0, 1;
    %store/vec4 v0x63c05cfe9ef0_0, 0, 1;
    %fork TD_test.expect, S_0x63c05cfe9900;
    %join;
    %pushi/vec4 2, 0, 32;
    %store/vec4 v0x63c05cf7f3a0_0, 0, 32;
    %pushi/vec4 3, 0, 32;
    %store/vec4 v0x63c05cf80230_0, 0, 32;
    %fork TD_test.add_coins, S_0x63c05cfe68b0;
    %join;
    %pushi/vec4 0, 0, 1;
    %store/vec4 v0x63c05cfe9c80_0, 0, 1;
    %pushi/vec4 0, 0, 1;
    %store/vec4 v0x63c05cfe9bc0_0, 0, 1;
    %pushi/vec4 0, 0, 1;
    %store/vec4 v0x63c05cfe9d20_0, 0, 1;
    %pushi/vec4 0, 0, 1;
    %store/vec4 v0x63c05cfe9ae0_0, 0, 1;
    %pushi/vec4 0, 0, 1;
    %store/vec4 v0x63c05cfe9de0_0, 0, 1;
    %pushi/vec4 0, 0, 1;
    %store/vec4 v0x63c05cfe9ef0_0, 0, 1;
    %fork TD_test.expect, S_0x63c05cfe9900;
    %join;
    %fork TD_test.insert_nickel, S_0x63c05cfea190;
    %join;
    %pushi/vec4 0, 0, 1;
    %store/vec4 v0x63c05cfe9c80_0, 0, 1;
    %pushi/vec4 0, 0, 1;
    %store/vec4 v0x63c05cfe9bc0_0, 0, 1;
    %pushi/vec4 0, 0, 1;
    %store/vec4 v0x63c05cfe9d20_0, 0, 1;
    %pushi/vec4 0, 0, 1;
    %store/vec4 v0x63c05cfe9ae0_0, 0, 1;
    %pushi/vec4 0, 0, 1;
    %store/vec4 v0x63c05cfe9de0_0, 0, 1;
    %pushi/vec4 0, 0, 1;
    %store/vec4 v0x63c05cfe9ef0_0, 0, 1;
    %fork TD_test.expect, S_0x63c05cfe9900;
    %join;
    %fork TD_test.insert_dime, S_0x63c05cfe9fb0;
    %join;
    %pushi/vec4 0, 0, 1;
    %store/vec4 v0x63c05cfe9c80_0, 0, 1;
    %pushi/vec4 0, 0, 1;
    %store/vec4 v0x63c05cfe9bc0_0, 0, 1;
    %pushi/vec4 0, 0, 1;
    %store/vec4 v0x63c05cfe9d20_0, 0, 1;
    %pushi/vec4 0, 0, 1;
    %store/vec4 v0x63c05cfe9ae0_0, 0, 1;
    %pushi/vec4 0, 0, 1;
    %store/vec4 v0x63c05cfe9de0_0, 0, 1;
    %pushi/vec4 0, 0, 1;
    %store/vec4 v0x63c05cfe9ef0_0, 0, 1;
    %fork TD_test.expect, S_0x63c05cfe9900;
    %join;
    %fork TD_test.insert_quarter, S_0x63c05cfea370;
    %join;
    %pushi/vec4 0, 0, 1;
    %store/vec4 v0x63c05cfe9c80_0, 0, 1;
    %pushi/vec4 0, 0, 1;
    %store/vec4 v0x63c05cfe9bc0_0, 0, 1;
    %pushi/vec4 0, 0, 1;
    %store/vec4 v0x63c05cfe9d20_0, 0, 1;
    %pushi/vec4 0, 0, 1;
    %store/vec4 v0x63c05cfe9ae0_0, 0, 1;
    %pushi/vec4 0, 0, 1;
    %store/vec4 v0x63c05cfe9de0_0, 0, 1;
    %pushi/vec4 0, 0, 1;
    %store/vec4 v0x63c05cfe9ef0_0, 0, 1;
    %fork TD_test.expect, S_0x63c05cfe9900;
    %join;
    %fork TD_test.insert_quarter, S_0x63c05cfea370;
    %join;
    %pushi/vec4 1, 0, 1;
    %store/vec4 v0x63c05cfe9c80_0, 0, 1;
    %pushi/vec4 1, 0, 1;
    %store/vec4 v0x63c05cfe9bc0_0, 0, 1;
    %pushi/vec4 1, 0, 1;
    %store/vec4 v0x63c05cfe9d20_0, 0, 1;
    %pushi/vec4 1, 0, 1;
    %store/vec4 v0x63c05cfe9ae0_0, 0, 1;
    %pushi/vec4 0, 0, 1;
    %store/vec4 v0x63c05cfe9de0_0, 0, 1;
    %pushi/vec4 0, 0, 1;
    %store/vec4 v0x63c05cfe9ef0_0, 0, 1;
    %fork TD_test.expect, S_0x63c05cfe9900;
    %join;
    %vpi_call 2 168 "$display", "CANS 1 ;  COINS 1,4 ;  INSERT 1,1,2" {0 0 0};
    %fork TD_test.reset, S_0x63c05cfea550;
    %join;
    %pushi/vec4 1, 0, 1;
    %store/vec4 v0x63c05cfe9c80_0, 0, 1;
    %pushi/vec4 0, 0, 1;
    %store/vec4 v0x63c05cfe9bc0_0, 0, 1;
    %pushi/vec4 0, 0, 1;
    %store/vec4 v0x63c05cfe9d20_0, 0, 1;
    %pushi/vec4 0, 0, 1;
    %store/vec4 v0x63c05cfe9ae0_0, 0, 1;
    %pushi/vec4 0, 0, 1;
    %store/vec4 v0x63c05cfe9de0_0, 0, 1;
    %pushi/vec4 1, 0, 1;
    %store/vec4 v0x63c05cfe9ef0_0, 0, 1;
    %fork TD_test.expect, S_0x63c05cfe9900;
    %join;
    %pushi/vec4 1, 0, 32;
    %store/vec4 v0x63c05cf7fed0_0, 0, 32;
    %fork TD_test.add_cans, S_0x63c05cf4eed0;
    %join;
    %pushi/vec4 0, 0, 1;
    %store/vec4 v0x63c05cfe9c80_0, 0, 1;
    %pushi/vec4 0, 0, 1;
    %store/vec4 v0x63c05cfe9bc0_0, 0, 1;
    %pushi/vec4 0, 0, 1;
    %store/vec4 v0x63c05cfe9d20_0, 0, 1;
    %pushi/vec4 0, 0, 1;
    %store/vec4 v0x63c05cfe9ae0_0, 0, 1;
    %pushi/vec4 0, 0, 1;
    %store/vec4 v0x63c05cfe9de0_0, 0, 1;
    %pushi/vec4 1, 0, 1;
    %store/vec4 v0x63c05cfe9ef0_0, 0, 1;
    %fork TD_test.expect, S_0x63c05cfe9900;
    %join;
    %pushi/vec4 1, 0, 32;
    %store/vec4 v0x63c05cf7f3a0_0, 0, 32;
    %pushi/vec4 4, 0, 32;
    %store/vec4 v0x63c05cf80230_0, 0, 32;
    %fork TD_test.add_coins, S_0x63c05cfe68b0;
    %join;
    %pushi/vec4 0, 0, 1;
    %store/vec4 v0x63c05cfe9c80_0, 0, 1;
    %pushi/vec4 0, 0, 1;
    %store/vec4 v0x63c05cfe9bc0_0, 0, 1;
    %pushi/vec4 0, 0, 1;
    %store/vec4 v0x63c05cfe9d20_0, 0, 1;
    %pushi/vec4 0, 0, 1;
    %store/vec4 v0x63c05cfe9ae0_0, 0, 1;
    %pushi/vec4 0, 0, 1;
    %store/vec4 v0x63c05cfe9de0_0, 0, 1;
    %pushi/vec4 0, 0, 1;
    %store/vec4 v0x63c05cfe9ef0_0, 0, 1;
    %fork TD_test.expect, S_0x63c05cfe9900;
    %join;
    %fork TD_test.insert_dime, S_0x63c05cfe9fb0;
    %join;
    %pushi/vec4 0, 0, 1;
    %store/vec4 v0x63c05cfe9c80_0, 0, 1;
    %pushi/vec4 0, 0, 1;
    %store/vec4 v0x63c05cfe9bc0_0, 0, 1;
    %pushi/vec4 0, 0, 1;
    %store/vec4 v0x63c05cfe9d20_0, 0, 1;
    %pushi/vec4 0, 0, 1;
    %store/vec4 v0x63c05cfe9ae0_0, 0, 1;
    %pushi/vec4 0, 0, 1;
    %store/vec4 v0x63c05cfe9de0_0, 0, 1;
    %pushi/vec4 0, 0, 1;
    %store/vec4 v0x63c05cfe9ef0_0, 0, 1;
    %fork TD_test.expect, S_0x63c05cfe9900;
    %join;
    %fork TD_test.insert_dime, S_0x63c05cfe9fb0;
    %join;
    %pushi/vec4 0, 0, 1;
    %store/vec4 v0x63c05cfe9c80_0, 0, 1;
    %pushi/vec4 0, 0, 1;
    %store/vec4 v0x63c05cfe9bc0_0, 0, 1;
    %pushi/vec4 0, 0, 1;
    %store/vec4 v0x63c05cfe9d20_0, 0, 1;
    %pushi/vec4 0, 0, 1;
    %store/vec4 v0x63c05cfe9ae0_0, 0, 1;
    %pushi/vec4 0, 0, 1;
    %store/vec4 v0x63c05cfe9de0_0, 0, 1;
    %pushi/vec4 0, 0, 1;
    %store/vec4 v0x63c05cfe9ef0_0, 0, 1;
    %fork TD_test.expect, S_0x63c05cfe9900;
    %join;
    %fork TD_test.insert_quarter, S_0x63c05cfea370;
    %join;
    %pushi/vec4 0, 0, 1;
    %store/vec4 v0x63c05cfe9c80_0, 0, 1;
    %pushi/vec4 0, 0, 1;
    %store/vec4 v0x63c05cfe9bc0_0, 0, 1;
    %pushi/vec4 0, 0, 1;
    %store/vec4 v0x63c05cfe9d20_0, 0, 1;
    %pushi/vec4 0, 0, 1;
    %store/vec4 v0x63c05cfe9ae0_0, 0, 1;
    %pushi/vec4 0, 0, 1;
    %store/vec4 v0x63c05cfe9de0_0, 0, 1;
    %pushi/vec4 0, 0, 1;
    %store/vec4 v0x63c05cfe9ef0_0, 0, 1;
    %fork TD_test.expect, S_0x63c05cfe9900;
    %join;
    %fork TD_test.insert_quarter, S_0x63c05cfea370;
    %join;
    %pushi/vec4 1, 0, 1;
    %store/vec4 v0x63c05cfe9c80_0, 0, 1;
    %pushi/vec4 1, 0, 1;
    %store/vec4 v0x63c05cfe9bc0_0, 0, 1;
    %pushi/vec4 0, 0, 1;
    %store/vec4 v0x63c05cfe9d20_0, 0, 1;
    %pushi/vec4 0, 0, 1;
    %store/vec4 v0x63c05cfe9ae0_0, 0, 1;
    %pushi/vec4 1, 0, 1;
    %store/vec4 v0x63c05cfe9de0_0, 0, 1;
    %pushi/vec4 0, 0, 1;
    %store/vec4 v0x63c05cfe9ef0_0, 0, 1;
    %fork TD_test.expect, S_0x63c05cfe9900;
    %join;
    %end;
    .scope S_0x63c05cf9aea0;
t_0 %join;
    %end;
    .thread T_17;
# The file index is used to find the file name in the following table.
:file_names 4;
    "N/A";
    "<interactive>";
    "test.v";
    "dkm.v";
