#! /usr/bin/vvp
:ivl_version "11.0 (stable)";
:ivl_delay_selection "TYPICAL";
:vpi_time_precision + 0;
:vpi_module "/usr/lib/x86_64-linux-gnu/ivl/system.vpi";
:vpi_module "/usr/lib/x86_64-linux-gnu/ivl/vhdl_sys.vpi";
:vpi_module "/usr/lib/x86_64-linux-gnu/ivl/vhdl_textio.vpi";
:vpi_module "/usr/lib/x86_64-linux-gnu/ivl/v2005_math.vpi";
:vpi_module "/usr/lib/x86_64-linux-gnu/ivl/va_math.vpi";
S_0x5586d81474f0 .scope module, "alu_test" "alu_test" 2 1;
 .timescale 0 0;
P_0x5586d8147680 .param/l "ADD" 1 2 5, +C4<00000000000000000000000000000010>;
P_0x5586d81476c0 .param/l "AND" 1 2 5, +C4<00000000000000000000000000000011>;
P_0x5586d8147700 .param/l "PASS0" 1 2 5, +C4<00000000000000000000000000000000>;
P_0x5586d8147740 .param/l "PASS1" 1 2 5, +C4<00000000000000000000000000000001>;
P_0x5586d8147780 .param/l "PASS6" 1 2 5, +C4<00000000000000000000000000000110>;
P_0x5586d81477c0 .param/l "PASS7" 1 2 5, +C4<00000000000000000000000000000111>;
P_0x5586d8147800 .param/l "PASSB" 1 2 5, +C4<00000000000000000000000000000101>;
P_0x5586d8147840 .param/l "WIDTH" 1 2 3, +C4<00000000000000000000000000001000>;
P_0x5586d8147880 .param/l "XOR" 1 2 5, +C4<00000000000000000000000000000100>;
v0x5586d816b380_0 .net "a_is_zero", 0 0, L_0x5586d817b980;  1 drivers
v0x5586d816b440_0 .net "alu_out", 7 0, v0x5586d816ab70_0;  1 drivers
v0x5586d816b510_0 .var "in_a", 7 0;
v0x5586d816b610_0 .var "in_b", 7 0;
v0x5586d816b6e0_0 .var "opcode", 2 0;
S_0x5586d810acf0 .scope module, "alu_inst" "alu" 2 18, 3 1 0, S_0x5586d81474f0;
 .timescale 0 0;
    .port_info 0 /INPUT 8 "in_a";
    .port_info 1 /INPUT 8 "in_b";
    .port_info 2 /INPUT 3 "opcode";
    .port_info 3 /OUTPUT 8 "alu_out";
    .port_info 4 /OUTPUT 1 "a_is_zero";
P_0x5586d810aed0 .param/l "WIDTH" 0 3 1, +C4<00000000000000000000000000001000>;
v0x5586d810afc0_0 .net *"_ivl_0", 31 0, L_0x5586d816b7d0;  1 drivers
L_0x7f3cb046f018 .functor BUFT 1, C4<000000000000000000000000>, C4<0>, C4<0>, C4<0>;
v0x5586d816a8e0_0 .net *"_ivl_3", 23 0, L_0x7f3cb046f018;  1 drivers
L_0x7f3cb046f060 .functor BUFT 1, C4<00000000000000000000000000000000>, C4<0>, C4<0>, C4<0>;
v0x5586d816a9c0_0 .net/2u *"_ivl_4", 31 0, L_0x7f3cb046f060;  1 drivers
v0x5586d816aab0_0 .net "a_is_zero", 0 0, L_0x5586d817b980;  alias, 1 drivers
v0x5586d816ab70_0 .var "alu_out", 7 0;
v0x5586d816aca0_0 .net "in_a", 7 0, v0x5586d816b510_0;  1 drivers
v0x5586d816ad80_0 .net "in_b", 7 0, v0x5586d816b610_0;  1 drivers
v0x5586d816ae60_0 .net "opcode", 2 0, v0x5586d816b6e0_0;  1 drivers
E_0x5586d8144a10 .event edge, v0x5586d816ae60_0, v0x5586d816ad80_0, v0x5586d816aca0_0;
L_0x5586d816b7d0 .concat [ 8 24 0 0], v0x5586d816b510_0, L_0x7f3cb046f018;
L_0x5586d817b980 .cmp/eeq 32, L_0x5586d816b7d0, L_0x7f3cb046f060;
S_0x5586d816afe0 .scope task, "expect" "expect" 2 27, 2 27 0, S_0x5586d81474f0;
 .timescale 0 0;
v0x5586d816b1e0_0 .var "exp_out", 7 0;
v0x5586d816b2c0_0 .var "exp_zero", 0 0;
TD_alu_test.expect ;
    %load/vec4 v0x5586d816b380_0;
    %load/vec4 v0x5586d816b2c0_0;
    %cmp/ne;
    %flag_mov 8, 6;
    %load/vec4 v0x5586d816b440_0;
    %load/vec4 v0x5586d816b1e0_0;
    %cmp/ne;
    %flag_or 6, 8;
    %jmp/0xz  T_0.0, 6;
    %vpi_call 2 31 "$display", "TEST FAILED" {0 0 0};
    %vpi_call 2 32 "$display", "At time %0d opcode=%b in_a=%b in_b=%b a_is_zero=%b alu_out=%b", $time, v0x5586d816b6e0_0, v0x5586d816b510_0, v0x5586d816b610_0, v0x5586d816b380_0, v0x5586d816b440_0 {0 0 0};
    %load/vec4 v0x5586d816b380_0;
    %load/vec4 v0x5586d816b2c0_0;
    %cmp/ne;
    %jmp/0xz  T_0.2, 6;
    %vpi_call 2 35 "$display", "a_is_zero should be %b", v0x5586d816b2c0_0 {0 0 0};
T_0.2 ;
    %load/vec4 v0x5586d816b440_0;
    %load/vec4 v0x5586d816b1e0_0;
    %cmp/ne;
    %jmp/0xz  T_0.4, 6;
    %vpi_call 2 37 "$display", "alu_out should be %b", v0x5586d816b1e0_0 {0 0 0};
T_0.4 ;
    %vpi_call 2 38 "$finish" {0 0 0};
    %jmp T_0.1;
T_0.0 ;
    %vpi_call 2 41 "$display", "At time %0d opcode=%b in_a=%b in_b=%b a_is_zero=%b alu_out=%b", $time, v0x5586d816b6e0_0, v0x5586d816b510_0, v0x5586d816b610_0, v0x5586d816b380_0, v0x5586d816b440_0 {0 0 0};
T_0.1 ;
    %end;
    .scope S_0x5586d810acf0;
T_1 ;
    %wait E_0x5586d8144a10;
    %load/vec4 v0x5586d816ae60_0;
    %cmpi/e 0, 0, 3;
    %jmp/0xz  T_1.0, 6;
    %load/vec4 v0x5586d816aca0_0;
    %store/vec4 v0x5586d816ab70_0, 0, 8;
    %jmp T_1.1;
T_1.0 ;
    %load/vec4 v0x5586d816ae60_0;
    %cmpi/e 1, 0, 3;
    %jmp/0xz  T_1.2, 6;
    %load/vec4 v0x5586d816aca0_0;
    %store/vec4 v0x5586d816ab70_0, 0, 8;
    %jmp T_1.3;
T_1.2 ;
    %load/vec4 v0x5586d816ae60_0;
    %cmpi/e 2, 0, 3;
    %jmp/0xz  T_1.4, 6;
    %load/vec4 v0x5586d816aca0_0;
    %load/vec4 v0x5586d816ad80_0;
    %add;
    %store/vec4 v0x5586d816ab70_0, 0, 8;
    %jmp T_1.5;
T_1.4 ;
    %load/vec4 v0x5586d816ae60_0;
    %cmpi/e 3, 0, 3;
    %jmp/0xz  T_1.6, 6;
    %load/vec4 v0x5586d816aca0_0;
    %load/vec4 v0x5586d816ad80_0;
    %and;
    %store/vec4 v0x5586d816ab70_0, 0, 8;
    %jmp T_1.7;
T_1.6 ;
    %load/vec4 v0x5586d816ae60_0;
    %cmpi/e 4, 0, 3;
    %jmp/0xz  T_1.8, 6;
    %load/vec4 v0x5586d816aca0_0;
    %load/vec4 v0x5586d816ad80_0;
    %xor;
    %store/vec4 v0x5586d816ab70_0, 0, 8;
    %jmp T_1.9;
T_1.8 ;
    %load/vec4 v0x5586d816ae60_0;
    %cmpi/e 5, 0, 3;
    %jmp/0xz  T_1.10, 6;
    %load/vec4 v0x5586d816ad80_0;
    %store/vec4 v0x5586d816ab70_0, 0, 8;
    %jmp T_1.11;
T_1.10 ;
    %load/vec4 v0x5586d816ae60_0;
    %cmpi/e 6, 0, 3;
    %jmp/0xz  T_1.12, 6;
    %load/vec4 v0x5586d816aca0_0;
    %store/vec4 v0x5586d816ab70_0, 0, 8;
    %jmp T_1.13;
T_1.12 ;
    %load/vec4 v0x5586d816ae60_0;
    %cmpi/e 7, 0, 3;
    %jmp/0xz  T_1.14, 6;
    %load/vec4 v0x5586d816aca0_0;
    %store/vec4 v0x5586d816ab70_0, 0, 8;
T_1.14 ;
T_1.13 ;
T_1.11 ;
T_1.9 ;
T_1.7 ;
T_1.5 ;
T_1.3 ;
T_1.1 ;
    %jmp T_1;
    .thread T_1, $push;
    .scope S_0x5586d81474f0;
T_2 ;
    %pushi/vec4 0, 0, 3;
    %store/vec4 v0x5586d816b6e0_0, 0, 3;
    %pushi/vec4 66, 0, 8;
    %store/vec4 v0x5586d816b510_0, 0, 8;
    %pushi/vec4 134, 0, 8;
    %store/vec4 v0x5586d816b610_0, 0, 8;
    %delay 1, 0;
    %pushi/vec4 0, 0, 1;
    %store/vec4 v0x5586d816b2c0_0, 0, 1;
    %pushi/vec4 66, 0, 8;
    %store/vec4 v0x5586d816b1e0_0, 0, 8;
    %fork TD_alu_test.expect, S_0x5586d816afe0;
    %join;
    %pushi/vec4 1, 0, 3;
    %store/vec4 v0x5586d816b6e0_0, 0, 3;
    %pushi/vec4 66, 0, 8;
    %store/vec4 v0x5586d816b510_0, 0, 8;
    %pushi/vec4 134, 0, 8;
    %store/vec4 v0x5586d816b610_0, 0, 8;
    %delay 1, 0;
    %pushi/vec4 0, 0, 1;
    %store/vec4 v0x5586d816b2c0_0, 0, 1;
    %pushi/vec4 66, 0, 8;
    %store/vec4 v0x5586d816b1e0_0, 0, 8;
    %fork TD_alu_test.expect, S_0x5586d816afe0;
    %join;
    %pushi/vec4 2, 0, 3;
    %store/vec4 v0x5586d816b6e0_0, 0, 3;
    %pushi/vec4 66, 0, 8;
    %store/vec4 v0x5586d816b510_0, 0, 8;
    %pushi/vec4 134, 0, 8;
    %store/vec4 v0x5586d816b610_0, 0, 8;
    %delay 1, 0;
    %pushi/vec4 0, 0, 1;
    %store/vec4 v0x5586d816b2c0_0, 0, 1;
    %pushi/vec4 200, 0, 8;
    %store/vec4 v0x5586d816b1e0_0, 0, 8;
    %fork TD_alu_test.expect, S_0x5586d816afe0;
    %join;
    %pushi/vec4 3, 0, 3;
    %store/vec4 v0x5586d816b6e0_0, 0, 3;
    %pushi/vec4 66, 0, 8;
    %store/vec4 v0x5586d816b510_0, 0, 8;
    %pushi/vec4 134, 0, 8;
    %store/vec4 v0x5586d816b610_0, 0, 8;
    %delay 1, 0;
    %pushi/vec4 0, 0, 1;
    %store/vec4 v0x5586d816b2c0_0, 0, 1;
    %pushi/vec4 2, 0, 8;
    %store/vec4 v0x5586d816b1e0_0, 0, 8;
    %fork TD_alu_test.expect, S_0x5586d816afe0;
    %join;
    %pushi/vec4 4, 0, 3;
    %store/vec4 v0x5586d816b6e0_0, 0, 3;
    %pushi/vec4 66, 0, 8;
    %store/vec4 v0x5586d816b510_0, 0, 8;
    %pushi/vec4 134, 0, 8;
    %store/vec4 v0x5586d816b610_0, 0, 8;
    %delay 1, 0;
    %pushi/vec4 0, 0, 1;
    %store/vec4 v0x5586d816b2c0_0, 0, 1;
    %pushi/vec4 196, 0, 8;
    %store/vec4 v0x5586d816b1e0_0, 0, 8;
    %fork TD_alu_test.expect, S_0x5586d816afe0;
    %join;
    %pushi/vec4 5, 0, 3;
    %store/vec4 v0x5586d816b6e0_0, 0, 3;
    %pushi/vec4 66, 0, 8;
    %store/vec4 v0x5586d816b510_0, 0, 8;
    %pushi/vec4 134, 0, 8;
    %store/vec4 v0x5586d816b610_0, 0, 8;
    %delay 1, 0;
    %pushi/vec4 0, 0, 1;
    %store/vec4 v0x5586d816b2c0_0, 0, 1;
    %pushi/vec4 134, 0, 8;
    %store/vec4 v0x5586d816b1e0_0, 0, 8;
    %fork TD_alu_test.expect, S_0x5586d816afe0;
    %join;
    %pushi/vec4 6, 0, 3;
    %store/vec4 v0x5586d816b6e0_0, 0, 3;
    %pushi/vec4 66, 0, 8;
    %store/vec4 v0x5586d816b510_0, 0, 8;
    %pushi/vec4 134, 0, 8;
    %store/vec4 v0x5586d816b610_0, 0, 8;
    %delay 1, 0;
    %pushi/vec4 0, 0, 1;
    %store/vec4 v0x5586d816b2c0_0, 0, 1;
    %pushi/vec4 66, 0, 8;
    %store/vec4 v0x5586d816b1e0_0, 0, 8;
    %fork TD_alu_test.expect, S_0x5586d816afe0;
    %join;
    %pushi/vec4 7, 0, 3;
    %store/vec4 v0x5586d816b6e0_0, 0, 3;
    %pushi/vec4 66, 0, 8;
    %store/vec4 v0x5586d816b510_0, 0, 8;
    %pushi/vec4 134, 0, 8;
    %store/vec4 v0x5586d816b610_0, 0, 8;
    %delay 1, 0;
    %pushi/vec4 0, 0, 1;
    %store/vec4 v0x5586d816b2c0_0, 0, 1;
    %pushi/vec4 66, 0, 8;
    %store/vec4 v0x5586d816b1e0_0, 0, 8;
    %fork TD_alu_test.expect, S_0x5586d816afe0;
    %join;
    %pushi/vec4 7, 0, 3;
    %store/vec4 v0x5586d816b6e0_0, 0, 3;
    %pushi/vec4 0, 0, 8;
    %store/vec4 v0x5586d816b510_0, 0, 8;
    %pushi/vec4 134, 0, 8;
    %store/vec4 v0x5586d816b610_0, 0, 8;
    %delay 1, 0;
    %pushi/vec4 1, 0, 1;
    %store/vec4 v0x5586d816b2c0_0, 0, 1;
    %pushi/vec4 0, 0, 8;
    %store/vec4 v0x5586d816b1e0_0, 0, 8;
    %fork TD_alu_test.expect, S_0x5586d816afe0;
    %join;
    %vpi_call 2 56 "$display", "TEST PASSED" {0 0 0};
    %vpi_call 2 57 "$finish" {0 0 0};
    %end;
    .thread T_2;
# The file index is used to find the file name in the following table.
:file_names 4;
    "N/A";
    "<interactive>";
    "alu_test.v";
    "alu.v";
